[0.013s] Invoking command in '/Users/amoralesma/prueba-ros/build/dynamixel_sdk': CMAKE_PREFIX_PATH=${CMAKE_PREFIX_PATH}:/Users/amoralesma/prueba-ros/install/pincher_control CONDA_PROMPT_MODIFIER=(humble) SHLVL=2 _=/Users/amoralesma/conda/envs/humble/bin/env __CF_USER_TEXT_ENCODING=0x1F5:0x0:0x2 /Users/amoralesma/conda/envs/humble/bin/cmake --build /Users/amoralesma/prueba-ros/build/dynamixel_sdk -- -j10 -l10
[0.114s] [  0%] Built target ament_cmake_python_copy_dynamixel_sdk
[0.156s] [100%] Built target dynamixel_sdk
[0.246s] running egg_info
[0.252s] writing dynamixel_sdk.egg-info/PKG-INFO
[0.252s] writing dependency_links to dynamixel_sdk.egg-info/dependency_links.txt
[0.253s] writing top-level names to dynamixel_sdk.egg-info/top_level.txt
[0.275s] reading manifest file 'dynamixel_sdk.egg-info/SOURCES.txt'
[0.276s] writing manifest file 'dynamixel_sdk.egg-info/SOURCES.txt'
[0.302s] [100%] Built target ament_cmake_python_build_dynamixel_sdk_egg
[0.312s] Invoked command in '/Users/amoralesma/prueba-ros/build/dynamixel_sdk' returned '0': CMAKE_PREFIX_PATH=${CMAKE_PREFIX_PATH}:/Users/amoralesma/prueba-ros/install/pincher_control CONDA_PROMPT_MODIFIER=(humble) SHLVL=2 _=/Users/amoralesma/conda/envs/humble/bin/env __CF_USER_TEXT_ENCODING=0x1F5:0x0:0x2 /Users/amoralesma/conda/envs/humble/bin/cmake --build /Users/amoralesma/prueba-ros/build/dynamixel_sdk -- -j10 -l10
[0.441s] Invoking command in '/Users/amoralesma/prueba-ros/build/dynamixel_sdk': CMAKE_PREFIX_PATH=${CMAKE_PREFIX_PATH}:/Users/amoralesma/prueba-ros/install/pincher_control CONDA_PROMPT_MODIFIER=(humble) SHLVL=2 _=/Users/amoralesma/conda/envs/humble/bin/env __CF_USER_TEXT_ENCODING=0x1F5:0x0:0x2 /Users/amoralesma/conda/envs/humble/bin/cmake --install /Users/amoralesma/prueba-ros/build/dynamixel_sdk
[0.454s] -- Install configuration: ""
[0.454s] -- Up-to-date: /Users/amoralesma/prueba-ros/install/dynamixel_sdk/include/
[0.454s] -- Up-to-date: /Users/amoralesma/prueba-ros/install/dynamixel_sdk/include//dynamixel_sdk
[0.454s] -- Up-to-date: /Users/amoralesma/prueba-ros/install/dynamixel_sdk/include//dynamixel_sdk/port_handler_arduino.h
[0.454s] -- Up-to-date: /Users/amoralesma/prueba-ros/install/dynamixel_sdk/include//dynamixel_sdk/group_sync_read.h
[0.454s] -- Up-to-date: /Users/amoralesma/prueba-ros/install/dynamixel_sdk/include//dynamixel_sdk/group_fast_sync_read.h
[0.454s] -- Up-to-date: /Users/amoralesma/prueba-ros/install/dynamixel_sdk/include//dynamixel_sdk/port_handler.h
[0.454s] -- Up-to-date: /Users/amoralesma/prueba-ros/install/dynamixel_sdk/include//dynamixel_sdk/protocol2_packet_handler.h
[0.454s] -- Up-to-date: /Users/amoralesma/prueba-ros/install/dynamixel_sdk/include//dynamixel_sdk/port_handler_linux.h
[0.454s] -- Up-to-date: /Users/amoralesma/prueba-ros/install/dynamixel_sdk/include//dynamixel_sdk/port_handler_mac.h
[0.454s] -- Up-to-date: /Users/amoralesma/prueba-ros/install/dynamixel_sdk/include//dynamixel_sdk/group_bulk_write.h
[0.455s] -- Up-to-date: /Users/amoralesma/prueba-ros/install/dynamixel_sdk/include//dynamixel_sdk/protocol1_packet_handler.h
[0.455s] -- Up-to-date: /Users/amoralesma/prueba-ros/install/dynamixel_sdk/include//dynamixel_sdk/group_fast_bulk_read.h
[0.455s] -- Up-to-date: /Users/amoralesma/prueba-ros/install/dynamixel_sdk/include//dynamixel_sdk/port_handler_windows.h
[0.455s] -- Up-to-date: /Users/amoralesma/prueba-ros/install/dynamixel_sdk/include//dynamixel_sdk/packet_handler.h
[0.455s] -- Up-to-date: /Users/amoralesma/prueba-ros/install/dynamixel_sdk/include//dynamixel_sdk/group_handler.h
[0.455s] -- Up-to-date: /Users/amoralesma/prueba-ros/install/dynamixel_sdk/include//dynamixel_sdk/group_sync_write.h
[0.455s] -- Up-to-date: /Users/amoralesma/prueba-ros/install/dynamixel_sdk/include//dynamixel_sdk/dynamixel_sdk.h
[0.455s] -- Up-to-date: /Users/amoralesma/prueba-ros/install/dynamixel_sdk/include//dynamixel_sdk/group_bulk_read.h
[0.455s] -- Up-to-date: /Users/amoralesma/prueba-ros/install/dynamixel_sdk/lib/libdynamixel_sdk.dylib
[0.455s] -- Up-to-date: /Users/amoralesma/prueba-ros/install/dynamixel_sdk/share/dynamixel_sdk/environment/pythonpath.sh
[0.455s] -- Up-to-date: /Users/amoralesma/prueba-ros/install/dynamixel_sdk/share/dynamixel_sdk/environment/pythonpath.dsv
[0.455s] -- Up-to-date: /Users/amoralesma/prueba-ros/install/dynamixel_sdk/lib/python3.11/site-packages/dynamixel_sdk-3.8.4-py3.11.egg-info
[0.455s] -- Installing: /Users/amoralesma/prueba-ros/install/dynamixel_sdk/lib/python3.11/site-packages/dynamixel_sdk-3.8.4-py3.11.egg-info/PKG-INFO
[0.455s] -- Installing: /Users/amoralesma/prueba-ros/install/dynamixel_sdk/lib/python3.11/site-packages/dynamixel_sdk-3.8.4-py3.11.egg-info/SOURCES.txt
[0.455s] -- Installing: /Users/amoralesma/prueba-ros/install/dynamixel_sdk/lib/python3.11/site-packages/dynamixel_sdk-3.8.4-py3.11.egg-info/top_level.txt
[0.455s] -- Installing: /Users/amoralesma/prueba-ros/install/dynamixel_sdk/lib/python3.11/site-packages/dynamixel_sdk-3.8.4-py3.11.egg-info/dependency_links.txt
[0.456s] -- Up-to-date: /Users/amoralesma/prueba-ros/install/dynamixel_sdk/lib/python3.11/site-packages/dynamixel_sdk
[0.456s] -- Up-to-date: /Users/amoralesma/prueba-ros/install/dynamixel_sdk/lib/python3.11/site-packages/dynamixel_sdk/group_handler.cpp
[0.456s] -- Up-to-date: /Users/amoralesma/prueba-ros/install/dynamixel_sdk/lib/python3.11/site-packages/dynamixel_sdk/port_handler_arduino.cpp
[0.456s] -- Up-to-date: /Users/amoralesma/prueba-ros/install/dynamixel_sdk/lib/python3.11/site-packages/dynamixel_sdk/packet_handler.cpp
[0.456s] -- Up-to-date: /Users/amoralesma/prueba-ros/install/dynamixel_sdk/lib/python3.11/site-packages/dynamixel_sdk/group_fast_sync_read.cpp
[0.456s] -- Up-to-date: /Users/amoralesma/prueba-ros/install/dynamixel_sdk/lib/python3.11/site-packages/dynamixel_sdk/group_bulk_write.py
[0.456s] -- Up-to-date: /Users/amoralesma/prueba-ros/install/dynamixel_sdk/lib/python3.11/site-packages/dynamixel_sdk/group_sync_read.cpp
[0.456s] -- Up-to-date: /Users/amoralesma/prueba-ros/install/dynamixel_sdk/lib/python3.11/site-packages/dynamixel_sdk/group_bulk_read.cpp
[0.456s] -- Up-to-date: /Users/amoralesma/prueba-ros/install/dynamixel_sdk/lib/python3.11/site-packages/dynamixel_sdk/group_sync_write.py
[0.456s] -- Up-to-date: /Users/amoralesma/prueba-ros/install/dynamixel_sdk/lib/python3.11/site-packages/dynamixel_sdk/port_handler_linux.cpp
[0.456s] -- Up-to-date: /Users/amoralesma/prueba-ros/install/dynamixel_sdk/lib/python3.11/site-packages/dynamixel_sdk/group_fast_bulk_read.cpp
[0.456s] -- Up-to-date: /Users/amoralesma/prueba-ros/install/dynamixel_sdk/lib/python3.11/site-packages/dynamixel_sdk/__init__.py
[0.456s] -- Up-to-date: /Users/amoralesma/prueba-ros/install/dynamixel_sdk/lib/python3.11/site-packages/dynamixel_sdk/group_sync_read.py
[0.456s] -- Up-to-date: /Users/amoralesma/prueba-ros/install/dynamixel_sdk/lib/python3.11/site-packages/dynamixel_sdk/port_handler_windows.cpp
[0.456s] -- Up-to-date: /Users/amoralesma/prueba-ros/install/dynamixel_sdk/lib/python3.11/site-packages/dynamixel_sdk/port_handler_mac.cpp
[0.456s] -- Up-to-date: /Users/amoralesma/prueba-ros/install/dynamixel_sdk/lib/python3.11/site-packages/dynamixel_sdk/packet_handler.py
[0.456s] -- Up-to-date: /Users/amoralesma/prueba-ros/install/dynamixel_sdk/lib/python3.11/site-packages/dynamixel_sdk/port_handler.cpp
[0.456s] -- Up-to-date: /Users/amoralesma/prueba-ros/install/dynamixel_sdk/lib/python3.11/site-packages/dynamixel_sdk/protocol2_packet_handler.py
[0.456s] -- Up-to-date: /Users/amoralesma/prueba-ros/install/dynamixel_sdk/lib/python3.11/site-packages/dynamixel_sdk/protocol1_packet_handler.py
[0.456s] -- Up-to-date: /Users/amoralesma/prueba-ros/install/dynamixel_sdk/lib/python3.11/site-packages/dynamixel_sdk/port_handler.py
[0.457s] -- Up-to-date: /Users/amoralesma/prueba-ros/install/dynamixel_sdk/lib/python3.11/site-packages/dynamixel_sdk/protocol1_packet_handler.cpp
[0.457s] -- Up-to-date: /Users/amoralesma/prueba-ros/install/dynamixel_sdk/lib/python3.11/site-packages/dynamixel_sdk/group_bulk_write.cpp
[0.457s] -- Up-to-date: /Users/amoralesma/prueba-ros/install/dynamixel_sdk/lib/python3.11/site-packages/dynamixel_sdk/robotis_def.py
[0.457s] -- Up-to-date: /Users/amoralesma/prueba-ros/install/dynamixel_sdk/lib/python3.11/site-packages/dynamixel_sdk/group_sync_write.cpp
[0.457s] -- Up-to-date: /Users/amoralesma/prueba-ros/install/dynamixel_sdk/lib/python3.11/site-packages/dynamixel_sdk/protocol2_packet_handler.cpp
[0.457s] -- Up-to-date: /Users/amoralesma/prueba-ros/install/dynamixel_sdk/lib/python3.11/site-packages/dynamixel_sdk/group_bulk_read.py
[0.474s] Listing 'lib/python3.11/site-packages/dynamixel_sdk'...
[0.474s] Can't list 'lib/python3.11/site-packages/dynamixel_sdk'
[0.477s] -- Up-to-date: /Users/amoralesma/prueba-ros/install/dynamixel_sdk/share/ament_index/resource_index/package_run_dependencies/dynamixel_sdk
[0.477s] -- Up-to-date: /Users/amoralesma/prueba-ros/install/dynamixel_sdk/share/ament_index/resource_index/parent_prefix_path/dynamixel_sdk
[0.477s] -- Up-to-date: /Users/amoralesma/prueba-ros/install/dynamixel_sdk/share/dynamixel_sdk/environment/ament_prefix_path.sh
[0.477s] -- Up-to-date: /Users/amoralesma/prueba-ros/install/dynamixel_sdk/share/dynamixel_sdk/environment/ament_prefix_path.dsv
[0.477s] -- Up-to-date: /Users/amoralesma/prueba-ros/install/dynamixel_sdk/share/dynamixel_sdk/environment/path.sh
[0.477s] -- Up-to-date: /Users/amoralesma/prueba-ros/install/dynamixel_sdk/share/dynamixel_sdk/environment/path.dsv
[0.478s] -- Up-to-date: /Users/amoralesma/prueba-ros/install/dynamixel_sdk/share/dynamixel_sdk/local_setup.bash
[0.478s] -- Up-to-date: /Users/amoralesma/prueba-ros/install/dynamixel_sdk/share/dynamixel_sdk/local_setup.sh
[0.478s] -- Up-to-date: /Users/amoralesma/prueba-ros/install/dynamixel_sdk/share/dynamixel_sdk/local_setup.zsh
[0.478s] -- Up-to-date: /Users/amoralesma/prueba-ros/install/dynamixel_sdk/share/dynamixel_sdk/local_setup.dsv
[0.478s] -- Installing: /Users/amoralesma/prueba-ros/install/dynamixel_sdk/share/dynamixel_sdk/package.dsv
[0.478s] -- Up-to-date: /Users/amoralesma/prueba-ros/install/dynamixel_sdk/share/ament_index/resource_index/packages/dynamixel_sdk
[0.478s] -- Up-to-date: /Users/amoralesma/prueba-ros/install/dynamixel_sdk/share/dynamixel_sdk/cmake/dynamixel_sdkExport.cmake
[0.478s] -- Up-to-date: /Users/amoralesma/prueba-ros/install/dynamixel_sdk/share/dynamixel_sdk/cmake/dynamixel_sdkExport-noconfig.cmake
[0.478s] -- Up-to-date: /Users/amoralesma/prueba-ros/install/dynamixel_sdk/share/dynamixel_sdk/cmake/ament_cmake_export_targets-extras.cmake
[0.478s] -- Up-to-date: /Users/amoralesma/prueba-ros/install/dynamixel_sdk/share/dynamixel_sdk/cmake/ament_cmake_export_include_directories-extras.cmake
[0.478s] -- Up-to-date: /Users/amoralesma/prueba-ros/install/dynamixel_sdk/share/dynamixel_sdk/cmake/ament_cmake_export_libraries-extras.cmake
[0.478s] -- Up-to-date: /Users/amoralesma/prueba-ros/install/dynamixel_sdk/share/dynamixel_sdk/cmake/dynamixel_sdkConfig.cmake
[0.478s] -- Up-to-date: /Users/amoralesma/prueba-ros/install/dynamixel_sdk/share/dynamixel_sdk/cmake/dynamixel_sdkConfig-version.cmake
[0.479s] -- Up-to-date: /Users/amoralesma/prueba-ros/install/dynamixel_sdk/share/dynamixel_sdk/package.xml
[0.480s] Invoked command in '/Users/amoralesma/prueba-ros/build/dynamixel_sdk' returned '0': CMAKE_PREFIX_PATH=${CMAKE_PREFIX_PATH}:/Users/amoralesma/prueba-ros/install/pincher_control CONDA_PROMPT_MODIFIER=(humble) SHLVL=2 _=/Users/amoralesma/conda/envs/humble/bin/env __CF_USER_TEXT_ENCODING=0x1F5:0x0:0x2 /Users/amoralesma/conda/envs/humble/bin/cmake --install /Users/amoralesma/prueba-ros/build/dynamixel_sdk
