/Users/amoralesma/conda/envs/humble/lib/python3.11/site-packages/setuptools/_distutils/dist.py:289: UserWarning: Unknown distribution option: 'tests_require'
  warnings.warn(msg)
running egg_info
writing ../../build/pincher_control/pincher_control.egg-info/PKG-INFO
writing dependency_links to ../../build/pincher_control/pincher_control.egg-info/dependency_links.txt
writing entry points to ../../build/pincher_control/pincher_control.egg-info/entry_points.txt
writing requirements to ../../build/pincher_control/pincher_control.egg-info/requires.txt
writing top-level names to ../../build/pincher_control/pincher_control.egg-info/top_level.txt
reading manifest file '../../build/pincher_control/pincher_control.egg-info/SOURCES.txt'
writing manifest file '../../build/pincher_control/pincher_control.egg-info/SOURCES.txt'
running build
running build_py
copying pincher_control/__init__.py -> /Users/amoralesma/prueba-ros/build/pincher_control/build/lib/pincher_control
copying pincher_control/control_servo.py -> /Users/amoralesma/prueba-ros/build/pincher_control/build/lib/pincher_control
running install
running install_lib
running install_data
copying resource/pincher_control -> /Users/amoralesma/prueba-ros/install/pincher_control/share/ament_index/resource_index/packages
copying package.xml -> /Users/amoralesma/prueba-ros/install/pincher_control/share/pincher_control
running install_egg_info
removing '/Users/amoralesma/prueba-ros/install/pincher_control/lib/python3.11/site-packages/pincher_control-0.0.0-py3.11.egg-info' (and everything under it)
Copying ../../build/pincher_control/pincher_control.egg-info to /Users/amoralesma/prueba-ros/install/pincher_control/lib/python3.11/site-packages/pincher_control-0.0.0-py3.11.egg-info
running install_scripts
Installing control_servo script to /Users/amoralesma/prueba-ros/install/pincher_control/lib/pincher_control
writing list of installed files to '/Users/amoralesma/prueba-ros/build/pincher_control/install.log'
