-- The C compiler identification is Clang 18.1.8
-- The CXX compiler identification is Clang 18.1.8
-- Detecting C compiler ABI info
-- Detecting C compiler ABI info - done
-- Check for working C compiler: /Users/amoralesma/conda/envs/humble/bin/arm64-apple-darwin20.0.0-clang - skipped
-- Detecting C compile features
-- Detecting C compile features - done
-- Detecting CXX compiler ABI info
-- Detecting CXX compiler ABI info - done
-- Check for working CXX compiler: /Users/amoralesma/conda/envs/humble/bin/arm64-apple-darwin20.0.0-clang++ - skipped
-- Detecting CXX compile features
-- Detecting CXX compile features - done
-- Found ament_cmake: 1.3.11 (/Users/amoralesma/conda/envs/humble/share/ament_cmake/cmake)
-- Found Python3: /Users/amoralesma/conda/envs/humble/bin/python3 (found version "3.11.12") found components: Interpreter
-- Found dynamixel_sdk: 3.8.4 (/Users/amoralesma/prueba-ros/install/dynamixel_sdk/share/dynamixel_sdk/cmake)
-- Found dynamixel_sdk_custom_interfaces: 3.8.4 (/Users/amoralesma/prueba-ros/install/dynamixel_sdk_custom_interfaces/share/dynamixel_sdk_custom_interfaces/cmake)
-- Found rosidl_generator_c: 3.1.6 (/Users/amoralesma/conda/envs/humble/share/rosidl_generator_c/cmake)
-- Found rosidl_adapter: 3.1.6 (/Users/amoralesma/conda/envs/humble/share/rosidl_adapter/cmake)
-- Found rosidl_generator_cpp: 3.1.6 (/Users/amoralesma/conda/envs/humble/share/rosidl_generator_cpp/cmake)
-- Using all available rosidl_typesupport_c: rosidl_typesupport_fastrtps_c;rosidl_typesupport_introspection_c
-- Using all available rosidl_typesupport_cpp: rosidl_typesupport_fastrtps_cpp;rosidl_typesupport_introspection_cpp
-- Found rclcpp: 16.0.11 (/Users/amoralesma/conda/envs/humble/share/rclcpp/cmake)
-- Checking for module 'yaml-0.1'
--   Found yaml-0.1, version 0.2.5
-- Found rmw_implementation_cmake: 6.1.2 (/Users/amoralesma/conda/envs/humble/share/rmw_implementation_cmake/cmake)
-- Found rmw_fastrtps_cpp: 6.2.7 (/Users/amoralesma/conda/envs/humble/share/rmw_fastrtps_cpp/cmake)
-- Found OpenSSL: /Users/amoralesma/conda/envs/humble/lib/libcrypto.dylib (found version "3.5.0")
-- Found FastRTPS: /Users/amoralesma/conda/envs/humble/include
-- Using RMW implementation 'rmw_fastrtps_cpp' as default
-- Performing Test CMAKE_HAVE_LIBC_PTHREAD
-- Performing Test CMAKE_HAVE_LIBC_PTHREAD - Success
-- Found Threads: TRUE
-- Found rclpy: 3.3.15 (/Users/amoralesma/conda/envs/humble/share/rclpy/cmake)
-- Found ament_lint_auto: 0.12.11 (/Users/amoralesma/conda/envs/humble/share/ament_lint_auto/cmake)
-- Added test 'copyright' to check source files copyright and LICENSE
-- Added test 'cppcheck' to perform static code analysis on C / C++ code
-- Configured cppcheck include dirs: /Users/amoralesma/prueba-ros/src/dynamixel_sdk_examples/include
-- Configured cppcheck exclude dirs and/or files: 
-- Added test 'cpplint' to check C / C++ code against the Google style
-- Configured cpplint exclude dirs and/or files: 
-- Added test 'flake8' to check Python code syntax and style conventions
-- Added test 'lint_cmake' to check CMake code style
-- Added test 'pep257' to check Python code against some of the docstring style conventions in PEP 257
-- Added test 'uncrustify' to check C / C++ code style
-- Configured uncrustify additional arguments: 
-- Added test 'xmllint' to check XML markup files
-- Configuring done (3.1s)
-- Generating done (0.0s)
-- Build files have been written to: /Users/amoralesma/prueba-ros/build/dynamixel_sdk_examples
[ 50%] Building CXX object CMakeFiles/read_write_node.dir/src/read_write_node.cpp.o
[100%] Linking CXX executable read_write_node
[100%] Built target read_write_node
-- Install configuration: ""
-- Installing: /Users/amoralesma/prueba-ros/install/dynamixel_sdk_examples/lib/dynamixel_sdk_examples/read_write_node
-- Installing: /Users/amoralesma/prueba-ros/install/dynamixel_sdk_examples/lib/dynamixel_sdk_examples/read_write_node.py
-- Installing: /Users/amoralesma/prueba-ros/install/dynamixel_sdk_examples/share/ament_index/resource_index/package_run_dependencies/dynamixel_sdk_examples
-- Installing: /Users/amoralesma/prueba-ros/install/dynamixel_sdk_examples/share/ament_index/resource_index/parent_prefix_path/dynamixel_sdk_examples
-- Installing: /Users/amoralesma/prueba-ros/install/dynamixel_sdk_examples/share/dynamixel_sdk_examples/environment/ament_prefix_path.sh
-- Installing: /Users/amoralesma/prueba-ros/install/dynamixel_sdk_examples/share/dynamixel_sdk_examples/environment/ament_prefix_path.dsv
-- Installing: /Users/amoralesma/prueba-ros/install/dynamixel_sdk_examples/share/dynamixel_sdk_examples/environment/path.sh
-- Installing: /Users/amoralesma/prueba-ros/install/dynamixel_sdk_examples/share/dynamixel_sdk_examples/environment/path.dsv
-- Installing: /Users/amoralesma/prueba-ros/install/dynamixel_sdk_examples/share/dynamixel_sdk_examples/local_setup.bash
-- Installing: /Users/amoralesma/prueba-ros/install/dynamixel_sdk_examples/share/dynamixel_sdk_examples/local_setup.sh
-- Installing: /Users/amoralesma/prueba-ros/install/dynamixel_sdk_examples/share/dynamixel_sdk_examples/local_setup.zsh
-- Installing: /Users/amoralesma/prueba-ros/install/dynamixel_sdk_examples/share/dynamixel_sdk_examples/local_setup.dsv
-- Installing: /Users/amoralesma/prueba-ros/install/dynamixel_sdk_examples/share/dynamixel_sdk_examples/package.dsv
-- Installing: /Users/amoralesma/prueba-ros/install/dynamixel_sdk_examples/share/ament_index/resource_index/packages/dynamixel_sdk_examples
-- Installing: /Users/amoralesma/prueba-ros/install/dynamixel_sdk_examples/share/dynamixel_sdk_examples/cmake/dynamixel_sdk_examplesConfig.cmake
-- Installing: /Users/amoralesma/prueba-ros/install/dynamixel_sdk_examples/share/dynamixel_sdk_examples/cmake/dynamixel_sdk_examplesConfig-version.cmake
-- Installing: /Users/amoralesma/prueba-ros/install/dynamixel_sdk_examples/share/dynamixel_sdk_examples/package.xml
