[0.015s] Invoking command in '/Users/amoralesma/prueba-ros/build/dynamixel_sdk_examples': AMENT_PREFIX_PATH=/Users/amoralesma/prueba-ros/install/dynamixel_sdk_custom_interfaces:/Users/amoralesma/prueba-ros/install/dynamixel_sdk:${AMENT_PREFIX_PATH} CMAKE_PREFIX_PATH=/Users/amoralesma/prueba-ros/install/dynamixel_sdk_custom_interfaces:/Users/amoralesma/prueba-ros/install/dynamixel_sdk:/Users/amoralesma/conda/envs/humble:/Users/amoralesma/prueba-ros/install/pincher_control CONDA_PROMPT_MODIFIER=(humble) DYLD_LIBRARY_PATH=/Users/amoralesma/prueba-ros/install/dynamixel_sdk_custom_interfaces/lib:/Users/amoralesma/prueba-ros/install/dynamixel_sdk/lib PYTHONPATH=/Users/amoralesma/prueba-ros/install/dynamixel_sdk_custom_interfaces/lib/python3.11/site-packages:/Users/amoralesma/prueba-ros/install/dynamixel_sdk/lib/python3.11/site-packages:${PYTHONPATH} SHLVL=2 _=/Users/amoralesma/conda/envs/humble/bin/env __CF_USER_TEXT_ENCODING=0x1F5:0x0:0x2 /Users/amoralesma/conda/envs/humble/bin/cmake /Users/amoralesma/prueba-ros/src/dynamixel_sdk_examples -DCMAKE_INSTALL_PREFIX=/Users/amoralesma/prueba-ros/install/dynamixel_sdk_examples
[0.029s] CMake Deprecation Warning at CMakeLists.txt:1 (cmake_minimum_required):
[0.029s]   Compatibility with CMake < 3.10 will be removed from a future version of
[0.029s]   CMake.
[0.029s] 
[0.029s]   Update the VERSION argument <min> value.  Or, use the <min>...<max> syntax
[0.029s]   to tell CMake that the project requires at least <min> but has been updated
[0.030s]   to work with policies introduced by <max> or earlier.
[0.030s] 
[0.030s] 
[0.130s] -- The C compiler identification is Clang 18.1.8
[0.263s] -- The CXX compiler identification is Clang 18.1.8
[0.282s] -- Detecting C compiler ABI info
[0.417s] -- Detecting C compiler ABI info - done
[0.420s] -- Check for working C compiler: /Users/amoralesma/conda/envs/humble/bin/arm64-apple-darwin20.0.0-clang - skipped
[0.420s] -- Detecting C compile features
[0.421s] -- Detecting C compile features - done
[0.424s] -- Detecting CXX compiler ABI info
[0.580s] -- Detecting CXX compiler ABI info - done
[0.584s] -- Check for working CXX compiler: /Users/amoralesma/conda/envs/humble/bin/arm64-apple-darwin20.0.0-clang++ - skipped
[0.584s] -- Detecting CXX compile features
[0.584s] -- Detecting CXX compile features - done
[0.594s] -- Found ament_cmake: 1.3.11 (/Users/amoralesma/conda/envs/humble/share/ament_cmake/cmake)
[0.685s] -- Found Python3: /Users/amoralesma/conda/envs/humble/bin/python3 (found version "3.11.12") found components: Interpreter
[0.843s] -- Found dynamixel_sdk: 3.8.4 (/Users/amoralesma/prueba-ros/install/dynamixel_sdk/share/dynamixel_sdk/cmake)
[0.852s] -- Found dynamixel_sdk_custom_interfaces: 3.8.4 (/Users/amoralesma/prueba-ros/install/dynamixel_sdk_custom_interfaces/share/dynamixel_sdk_custom_interfaces/cmake)
[0.952s] -- Found rosidl_generator_c: 3.1.6 (/Users/amoralesma/conda/envs/humble/share/rosidl_generator_c/cmake)
[0.969s] -- Found rosidl_adapter: 3.1.6 (/Users/amoralesma/conda/envs/humble/share/rosidl_adapter/cmake)
[0.990s] -- Found rosidl_generator_cpp: 3.1.6 (/Users/amoralesma/conda/envs/humble/share/rosidl_generator_cpp/cmake)
[1.015s] -- Using all available rosidl_typesupport_c: rosidl_typesupport_fastrtps_c;rosidl_typesupport_introspection_c
[1.048s] -- Using all available rosidl_typesupport_cpp: rosidl_typesupport_fastrtps_cpp;rosidl_typesupport_introspection_cpp
[1.093s] -- Found rclcpp: 16.0.11 (/Users/amoralesma/conda/envs/humble/share/rclcpp/cmake)
[1.242s] -- Checking for module 'yaml-0.1'
[1.360s] --   Found yaml-0.1, version 0.2.5
[1.645s] -- Found rmw_implementation_cmake: 6.1.2 (/Users/amoralesma/conda/envs/humble/share/rmw_implementation_cmake/cmake)
[1.655s] -- Found rmw_fastrtps_cpp: 6.2.7 (/Users/amoralesma/conda/envs/humble/share/rmw_fastrtps_cpp/cmake)
[2.576s] -- Found OpenSSL: /Users/amoralesma/conda/envs/humble/lib/libcrypto.dylib (found version "3.5.0")
[2.656s] -- Found FastRTPS: /Users/amoralesma/conda/envs/humble/include
[2.713s] -- Using RMW implementation 'rmw_fastrtps_cpp' as default
[2.743s] -- Performing Test CMAKE_HAVE_LIBC_PTHREAD
[2.921s] -- Performing Test CMAKE_HAVE_LIBC_PTHREAD - Success
[2.921s] -- Found Threads: TRUE
[2.987s] -- Found rclpy: 3.3.15 (/Users/amoralesma/conda/envs/humble/share/rclpy/cmake)
[2.995s] -- Found ament_lint_auto: 0.12.11 (/Users/amoralesma/conda/envs/humble/share/ament_lint_auto/cmake)
[3.127s] -- Added test 'copyright' to check source files copyright and LICENSE
[3.129s] -- Added test 'cppcheck' to perform static code analysis on C / C++ code
[3.129s] -- Configured cppcheck include dirs: /Users/amoralesma/prueba-ros/src/dynamixel_sdk_examples/include
[3.129s] -- Configured cppcheck exclude dirs and/or files: 
[3.130s] -- Added test 'cpplint' to check C / C++ code against the Google style
[3.130s] -- Configured cpplint exclude dirs and/or files: 
[3.131s] -- Added test 'flake8' to check Python code syntax and style conventions
[3.131s] -- Added test 'lint_cmake' to check CMake code style
[3.132s] -- Added test 'pep257' to check Python code against some of the docstring style conventions in PEP 257
[3.133s] -- Added test 'uncrustify' to check C / C++ code style
[3.133s] -- Configured uncrustify additional arguments: 
[3.134s] -- Added test 'xmllint' to check XML markup files
[3.135s] -- Configuring done (3.1s)
[3.168s] -- Generating done (0.0s)
[3.168s] -- Build files have been written to: /Users/amoralesma/prueba-ros/build/dynamixel_sdk_examples
[3.172s] Invoked command in '/Users/amoralesma/prueba-ros/build/dynamixel_sdk_examples' returned '0': AMENT_PREFIX_PATH=/Users/amoralesma/prueba-ros/install/dynamixel_sdk_custom_interfaces:/Users/amoralesma/prueba-ros/install/dynamixel_sdk:${AMENT_PREFIX_PATH} CMAKE_PREFIX_PATH=/Users/amoralesma/prueba-ros/install/dynamixel_sdk_custom_interfaces:/Users/amoralesma/prueba-ros/install/dynamixel_sdk:/Users/amoralesma/conda/envs/humble:/Users/amoralesma/prueba-ros/install/pincher_control CONDA_PROMPT_MODIFIER=(humble) DYLD_LIBRARY_PATH=/Users/amoralesma/prueba-ros/install/dynamixel_sdk_custom_interfaces/lib:/Users/amoralesma/prueba-ros/install/dynamixel_sdk/lib PYTHONPATH=/Users/amoralesma/prueba-ros/install/dynamixel_sdk_custom_interfaces/lib/python3.11/site-packages:/Users/amoralesma/prueba-ros/install/dynamixel_sdk/lib/python3.11/site-packages:${PYTHONPATH} SHLVL=2 _=/Users/amoralesma/conda/envs/humble/bin/env __CF_USER_TEXT_ENCODING=0x1F5:0x0:0x2 /Users/amoralesma/conda/envs/humble/bin/cmake /Users/amoralesma/prueba-ros/src/dynamixel_sdk_examples -DCMAKE_INSTALL_PREFIX=/Users/amoralesma/prueba-ros/install/dynamixel_sdk_examples
[3.172s] Invoking command in '/Users/amoralesma/prueba-ros/build/dynamixel_sdk_examples': AMENT_PREFIX_PATH=/Users/amoralesma/prueba-ros/install/dynamixel_sdk_custom_interfaces:/Users/amoralesma/prueba-ros/install/dynamixel_sdk:${AMENT_PREFIX_PATH} CMAKE_PREFIX_PATH=/Users/amoralesma/prueba-ros/install/dynamixel_sdk_custom_interfaces:/Users/amoralesma/prueba-ros/install/dynamixel_sdk:/Users/amoralesma/conda/envs/humble:/Users/amoralesma/prueba-ros/install/pincher_control CONDA_PROMPT_MODIFIER=(humble) DYLD_LIBRARY_PATH=/Users/amoralesma/prueba-ros/install/dynamixel_sdk_custom_interfaces/lib:/Users/amoralesma/prueba-ros/install/dynamixel_sdk/lib PYTHONPATH=/Users/amoralesma/prueba-ros/install/dynamixel_sdk_custom_interfaces/lib/python3.11/site-packages:/Users/amoralesma/prueba-ros/install/dynamixel_sdk/lib/python3.11/site-packages:${PYTHONPATH} SHLVL=2 _=/Users/amoralesma/conda/envs/humble/bin/env __CF_USER_TEXT_ENCODING=0x1F5:0x0:0x2 /Users/amoralesma/conda/envs/humble/bin/cmake --build /Users/amoralesma/prueba-ros/build/dynamixel_sdk_examples -- -j10 -l10
[3.249s] [ 50%] Building CXX object CMakeFiles/read_write_node.dir/src/read_write_node.cpp.o
[4.391s] In file included from /Users/amoralesma/prueba-ros/src/dynamixel_sdk_examples/src/read_write_node.cpp:37:
[4.391s] In file included from /Users/amoralesma/conda/envs/humble/include/rclcpp/rclcpp/rclcpp.hpp:155:
[4.391s] In file included from /Users/amoralesma/conda/envs/humble/include/rclcpp/rclcpp/executors.hpp:21:
[4.391s] In file included from /Users/amoralesma/conda/envs/humble/include/rclcpp/rclcpp/executors/multi_threaded_executor.hpp:25:
[4.392s] In file included from /Users/amoralesma/conda/envs/humble/include/rclcpp/rclcpp/executor.hpp:37:
[4.392s] In file included from /Users/amoralesma/conda/envs/humble/include/rclcpp/rclcpp/executor_options.hpp:20:
[4.392s] In file included from /Users/amoralesma/conda/envs/humble/include/rclcpp/rclcpp/memory_strategies.hpp:18:
[4.392s] In file included from /Users/amoralesma/conda/envs/humble/include/rclcpp/rclcpp/memory_strategy.hpp:25:
[4.392s] In file included from /Users/amoralesma/conda/envs/humble/include/rclcpp/rclcpp/any_executable.hpp:20:
[4.392s] In file included from /Users/amoralesma/conda/envs/humble/include/rclcpp/rclcpp/callback_group.hpp:29:
[4.392s] In file included from /Users/amoralesma/conda/envs/humble/include/rclcpp/rclcpp/subscription_base.hpp:32:
[4.392s] /Users/amoralesma/conda/envs/humble/include/rclcpp/rclcpp/any_subscription_callback.hpp:391:7: warning: 'set_deprecated<dynamixel_sdk_custom_interfaces::msg::SetPosition_<std::allocator<void>>>' is deprecated: use 'void(std::shared_ptr<const MessageT>)' instead [-Wdeprecated-declarations]
[4.392s]   391 |       set_deprecated(static_cast<typename scbth::callback_type>(callback));
[4.392s]       |       ^
[4.392s] /Users/amoralesma/conda/envs/humble/include/rclcpp/rclcpp/subscription_factory.hpp:94:29: note: in instantiation of function template specialization 'rclcpp::AnySubscriptionCallback<dynamixel_sdk_custom_interfaces::msg::SetPosition_<std::allocator<void>>>::set<(lambda at /Users/amoralesma/prueba-ros/src/dynamixel_sdk_examples/src/read_write_node.cpp:78:5)>' requested here
[4.392s]    94 |   any_subscription_callback.set(std::forward<CallbackT>(callback));
[4.392s]       |                             ^
[4.392s] /Users/amoralesma/conda/envs/humble/include/rclcpp/rclcpp/create_subscription.hpp:122:26: note: in instantiation of function template specialization 'rclcpp::create_subscription_factory<dynamixel_sdk_custom_interfaces::msg::SetPosition_<std::allocator<void>>, (lambda at /Users/amoralesma/prueba-ros/src/dynamixel_sdk_examples/src/read_write_node.cpp:78:5), std::allocator<void>, rclcpp::Subscription<dynamixel_sdk_custom_interfaces::msg::SetPosition_<std::allocator<void>>>, rclcpp::message_memory_strategy::MessageMemoryStrategy<dynamixel_sdk_custom_interfaces::msg::SetPosition_<std::allocator<void>>>, dynamixel_sdk_custom_interfaces::msg::SetPosition_<std::allocator<void>>>' requested here
[4.392s]   122 |   auto factory = rclcpp::create_subscription_factory<MessageT>(
[4.392s]       |                          ^
[4.392s] /Users/amoralesma/conda/envs/humble/include/rclcpp/rclcpp/create_subscription.hpp:190:26: note: in instantiation of function template specialization 'rclcpp::detail::create_subscription<dynamixel_sdk_custom_interfaces::msg::SetPosition_<std::allocator<void>>, (lambda at /Users/amoralesma/prueba-ros/src/dynamixel_sdk_examples/src/read_write_node.cpp:78:5), std::allocator<void>, rclcpp::Subscription<dynamixel_sdk_custom_interfaces::msg::SetPosition_<std::allocator<void>>>, rclcpp::message_memory_strategy::MessageMemoryStrategy<dynamixel_sdk_custom_interfaces::msg::SetPosition_<std::allocator<void>>>, rclcpp::Node, rclcpp::Node, dynamixel_sdk_custom_interfaces::msg::SetPosition_<std::allocator<void>>>' requested here
[4.392s]   190 |   return rclcpp::detail::create_subscription<
[4.392s]       |                          ^
[4.392s] /Users/amoralesma/conda/envs/humble/include/rclcpp/rclcpp/node_impl.hpp:99:18: note: in instantiation of function template specialization 'rclcpp::create_subscription<dynamixel_sdk_custom_interfaces::msg::SetPosition_<std::allocator<void>>, (lambda at /Users/amoralesma/prueba-ros/src/dynamixel_sdk_examples/src/read_write_node.cpp:78:5), std::allocator<void>, rclcpp::Subscription<dynamixel_sdk_custom_interfaces::msg::SetPosition_<std::allocator<void>>>, rclcpp::message_memory_strategy::MessageMemoryStrategy<dynamixel_sdk_custom_interfaces::msg::SetPosition_<std::allocator<void>>>, rclcpp::Node>' requested here
[4.392s]    99 |   return rclcpp::create_subscription<MessageT>(
[4.392s]       |                  ^
[4.392s] /Users/amoralesma/prueba-ros/src/dynamixel_sdk_examples/src/read_write_node.cpp:75:11: note: in instantiation of function template specialization 'rclcpp::Node::create_subscription<dynamixel_sdk_custom_interfaces::msg::SetPosition_<std::allocator<void>>, (lambda at /Users/amoralesma/prueba-ros/src/dynamixel_sdk_examples/src/read_write_node.cpp:78:5), std::allocator<void>, rclcpp::Subscription<dynamixel_sdk_custom_interfaces::msg::SetPosition_<std::allocator<void>>>, rclcpp::message_memory_strategy::MessageMemoryStrategy<dynamixel_sdk_custom_interfaces::msg::SetPosition_<std::allocator<void>>>>' requested here
[4.392s]    75 |     this->create_subscription<SetPosition>(
[4.392s]       |           ^
[4.392s] /Users/amoralesma/conda/envs/humble/include/rclcpp/rclcpp/any_subscription_callback.hpp:405:5: note: 'set_deprecated<dynamixel_sdk_custom_interfaces::msg::SetPosition_<std::allocator<void>>>' has been explicitly marked deprecated here
[4.393s]   405 |   [[deprecated("use 'void(std::shared_ptr<const MessageT>)' instead")]]
[4.393s]       |     ^
[6.170s] 1 warning generated.
[6.191s] [100%] Linking CXX executable read_write_node
[6.255s] [100%] Built target read_write_node
[6.269s] Invoked command in '/Users/amoralesma/prueba-ros/build/dynamixel_sdk_examples' returned '0': AMENT_PREFIX_PATH=/Users/amoralesma/prueba-ros/install/dynamixel_sdk_custom_interfaces:/Users/amoralesma/prueba-ros/install/dynamixel_sdk:${AMENT_PREFIX_PATH} CMAKE_PREFIX_PATH=/Users/amoralesma/prueba-ros/install/dynamixel_sdk_custom_interfaces:/Users/amoralesma/prueba-ros/install/dynamixel_sdk:/Users/amoralesma/conda/envs/humble:/Users/amoralesma/prueba-ros/install/pincher_control CONDA_PROMPT_MODIFIER=(humble) DYLD_LIBRARY_PATH=/Users/amoralesma/prueba-ros/install/dynamixel_sdk_custom_interfaces/lib:/Users/amoralesma/prueba-ros/install/dynamixel_sdk/lib PYTHONPATH=/Users/amoralesma/prueba-ros/install/dynamixel_sdk_custom_interfaces/lib/python3.11/site-packages:/Users/amoralesma/prueba-ros/install/dynamixel_sdk/lib/python3.11/site-packages:${PYTHONPATH} SHLVL=2 _=/Users/amoralesma/conda/envs/humble/bin/env __CF_USER_TEXT_ENCODING=0x1F5:0x0:0x2 /Users/amoralesma/conda/envs/humble/bin/cmake --build /Users/amoralesma/prueba-ros/build/dynamixel_sdk_examples -- -j10 -l10
[6.315s] Invoking command in '/Users/amoralesma/prueba-ros/build/dynamixel_sdk_examples': AMENT_PREFIX_PATH=/Users/amoralesma/prueba-ros/install/dynamixel_sdk_custom_interfaces:/Users/amoralesma/prueba-ros/install/dynamixel_sdk:${AMENT_PREFIX_PATH} CMAKE_PREFIX_PATH=/Users/amoralesma/prueba-ros/install/dynamixel_sdk_custom_interfaces:/Users/amoralesma/prueba-ros/install/dynamixel_sdk:/Users/amoralesma/conda/envs/humble:/Users/amoralesma/prueba-ros/install/pincher_control CONDA_PROMPT_MODIFIER=(humble) DYLD_LIBRARY_PATH=/Users/amoralesma/prueba-ros/install/dynamixel_sdk_custom_interfaces/lib:/Users/amoralesma/prueba-ros/install/dynamixel_sdk/lib PYTHONPATH=/Users/amoralesma/prueba-ros/install/dynamixel_sdk_custom_interfaces/lib/python3.11/site-packages:/Users/amoralesma/prueba-ros/install/dynamixel_sdk/lib/python3.11/site-packages:${PYTHONPATH} SHLVL=2 _=/Users/amoralesma/conda/envs/humble/bin/env __CF_USER_TEXT_ENCODING=0x1F5:0x0:0x2 /Users/amoralesma/conda/envs/humble/bin/cmake --install /Users/amoralesma/prueba-ros/build/dynamixel_sdk_examples
[6.326s] -- Install configuration: ""
[6.327s] -- Installing: /Users/amoralesma/prueba-ros/install/dynamixel_sdk_examples/lib/dynamixel_sdk_examples/read_write_node
[6.330s] /Users/amoralesma/conda/envs/humble/bin/install_name_tool: warning: changes being made to the file will invalidate the code signature in: /Users/amoralesma/prueba-ros/install/dynamixel_sdk_examples/lib/dynamixel_sdk_examples/read_write_node
[6.330s] [cctools-port]: generating fake signature for '/Users/amoralesma/prueba-ros/install/dynamixel_sdk_examples/lib/dynamixel_sdk_examples/read_write_node'
[6.341s] -- Installing: /Users/amoralesma/prueba-ros/install/dynamixel_sdk_examples/lib/dynamixel_sdk_examples/read_write_node.py
[6.341s] -- Installing: /Users/amoralesma/prueba-ros/install/dynamixel_sdk_examples/share/ament_index/resource_index/package_run_dependencies/dynamixel_sdk_examples
[6.341s] -- Installing: /Users/amoralesma/prueba-ros/install/dynamixel_sdk_examples/share/ament_index/resource_index/parent_prefix_path/dynamixel_sdk_examples
[6.342s] -- Installing: /Users/amoralesma/prueba-ros/install/dynamixel_sdk_examples/share/dynamixel_sdk_examples/environment/ament_prefix_path.sh
[6.342s] -- Installing: /Users/amoralesma/prueba-ros/install/dynamixel_sdk_examples/share/dynamixel_sdk_examples/environment/ament_prefix_path.dsv
[6.342s] -- Installing: /Users/amoralesma/prueba-ros/install/dynamixel_sdk_examples/share/dynamixel_sdk_examples/environment/path.sh
[6.342s] -- Installing: /Users/amoralesma/prueba-ros/install/dynamixel_sdk_examples/share/dynamixel_sdk_examples/environment/path.dsv
[6.342s] -- Installing: /Users/amoralesma/prueba-ros/install/dynamixel_sdk_examples/share/dynamixel_sdk_examples/local_setup.bash
[6.343s] -- Installing: /Users/amoralesma/prueba-ros/install/dynamixel_sdk_examples/share/dynamixel_sdk_examples/local_setup.sh
[6.343s] -- Installing: /Users/amoralesma/prueba-ros/install/dynamixel_sdk_examples/share/dynamixel_sdk_examples/local_setup.zsh
[6.343s] -- Installing: /Users/amoralesma/prueba-ros/install/dynamixel_sdk_examples/share/dynamixel_sdk_examples/local_setup.dsv
[6.343s] -- Installing: /Users/amoralesma/prueba-ros/install/dynamixel_sdk_examples/share/dynamixel_sdk_examples/package.dsv
[6.343s] -- Installing: /Users/amoralesma/prueba-ros/install/dynamixel_sdk_examples/share/ament_index/resource_index/packages/dynamixel_sdk_examples
[6.343s] -- Installing: /Users/amoralesma/prueba-ros/install/dynamixel_sdk_examples/share/dynamixel_sdk_examples/cmake/dynamixel_sdk_examplesConfig.cmake
[6.344s] -- Installing: /Users/amoralesma/prueba-ros/install/dynamixel_sdk_examples/share/dynamixel_sdk_examples/cmake/dynamixel_sdk_examplesConfig-version.cmake
[6.344s] -- Installing: /Users/amoralesma/prueba-ros/install/dynamixel_sdk_examples/share/dynamixel_sdk_examples/package.xml
[6.345s] Invoked command in '/Users/amoralesma/prueba-ros/build/dynamixel_sdk_examples' returned '0': AMENT_PREFIX_PATH=/Users/amoralesma/prueba-ros/install/dynamixel_sdk_custom_interfaces:/Users/amoralesma/prueba-ros/install/dynamixel_sdk:${AMENT_PREFIX_PATH} CMAKE_PREFIX_PATH=/Users/amoralesma/prueba-ros/install/dynamixel_sdk_custom_interfaces:/Users/amoralesma/prueba-ros/install/dynamixel_sdk:/Users/amoralesma/conda/envs/humble:/Users/amoralesma/prueba-ros/install/pincher_control CONDA_PROMPT_MODIFIER=(humble) DYLD_LIBRARY_PATH=/Users/amoralesma/prueba-ros/install/dynamixel_sdk_custom_interfaces/lib:/Users/amoralesma/prueba-ros/install/dynamixel_sdk/lib PYTHONPATH=/Users/amoralesma/prueba-ros/install/dynamixel_sdk_custom_interfaces/lib/python3.11/site-packages:/Users/amoralesma/prueba-ros/install/dynamixel_sdk/lib/python3.11/site-packages:${PYTHONPATH} SHLVL=2 _=/Users/amoralesma/conda/envs/humble/bin/env __CF_USER_TEXT_ENCODING=0x1F5:0x0:0x2 /Users/amoralesma/conda/envs/humble/bin/cmake --install /Users/amoralesma/prueba-ros/build/dynamixel_sdk_examples
