[0.013s] Invoking command in '/Users/amoralesma/prueba-ros/build/dynamixel_sdk_custom_interfaces': CMAKE_PREFIX_PATH=${CMAKE_PREFIX_PATH}:/Users/amoralesma/prueba-ros/install/pincher_control CONDA_PROMPT_MODIFIER=(humble) SHLVL=2 _=/Users/amoralesma/conda/envs/humble/bin/env __CF_USER_TEXT_ENCODING=0x1F5:0x0:0x2 /Users/amoralesma/conda/envs/humble/bin/cmake /Users/amoralesma/prueba-ros/src/dynamixel_sdk_custom_interfaces -DCMAKE_INSTALL_PREFIX=/Users/amoralesma/prueba-ros/install/dynamixel_sdk_custom_interfaces
[0.050s] CMake Deprecation Warning at CMakeLists.txt:1 (cmake_minimum_required):
[0.050s]   Compatibility with CMake < 3.10 will be removed from a future version of
[0.050s]   CMake.
[0.050s] 
[0.050s]   Update the VERSION argument <min> value.  Or, use the <min>...<max> syntax
[0.050s]   to tell CMake that the project requires at least <min> but has been updated
[0.050s]   to work with policies introduced by <max> or earlier.
[0.050s] 
[0.050s] 
[0.475s] -- The C compiler identification is Clang 18.1.8
[0.636s] -- The CXX compiler identification is Clang 18.1.8
[0.668s] -- Detecting C compiler ABI info
[0.814s] -- Detecting C compiler ABI info - done
[0.817s] -- Check for working C compiler: /Users/amoralesma/conda/envs/humble/bin/arm64-apple-darwin20.0.0-clang - skipped
[0.817s] -- Detecting C compile features
[0.818s] -- Detecting C compile features - done
[0.823s] -- Detecting CXX compiler ABI info
[0.957s] -- Detecting CXX compiler ABI info - done
[0.961s] -- Check for working CXX compiler: /Users/amoralesma/conda/envs/humble/bin/arm64-apple-darwin20.0.0-clang++ - skipped
[0.961s] -- Detecting CXX compile features
[0.961s] -- Detecting CXX compile features - done
[0.984s] -- Found ament_cmake: 1.3.11 (/Users/amoralesma/conda/envs/humble/share/ament_cmake/cmake)
[1.110s] -- Found Python3: /Users/amoralesma/conda/envs/humble/bin/python3 (found version "3.11.12") found components: Interpreter
[1.328s] -- Found builtin_interfaces: 1.2.1 (/Users/amoralesma/conda/envs/humble/share/builtin_interfaces/cmake)
[1.415s] -- Found rosidl_generator_c: 3.1.6 (/Users/amoralesma/conda/envs/humble/share/rosidl_generator_c/cmake)
[1.435s] -- Found rosidl_adapter: 3.1.6 (/Users/amoralesma/conda/envs/humble/share/rosidl_adapter/cmake)
[1.461s] -- Found rosidl_generator_cpp: 3.1.6 (/Users/amoralesma/conda/envs/humble/share/rosidl_generator_cpp/cmake)
[1.502s] -- Using all available rosidl_typesupport_c: rosidl_typesupport_fastrtps_c;rosidl_typesupport_introspection_c
[1.588s] -- Using all available rosidl_typesupport_cpp: rosidl_typesupport_fastrtps_cpp;rosidl_typesupport_introspection_cpp
[1.674s] -- Found rosidl_default_generators: 1.2.0 (/Users/amoralesma/conda/envs/humble/share/rosidl_default_generators/cmake)
[2.372s] -- Found ament_cmake_ros: 0.10.0 (/Users/amoralesma/conda/envs/humble/share/ament_cmake_ros/cmake)
[2.875s] -- Using all available rosidl_typesupport_c: rosidl_typesupport_fastrtps_c;rosidl_typesupport_introspection_c
[3.024s] -- Using all available rosidl_typesupport_cpp: rosidl_typesupport_fastrtps_cpp;rosidl_typesupport_introspection_cpp
[3.031s] -- Found python_cmake_module: 0.10.0 (/Users/amoralesma/conda/envs/humble/share/python_cmake_module/cmake)
[3.031s] CMake Warning (dev) at /Users/amoralesma/conda/envs/humble/share/python_cmake_module/cmake/Modules/FindPythonExtra.cmake:52 (find_package):
[3.031s]   Policy CMP0148 is not set: The FindPythonInterp and FindPythonLibs modules
[3.031s]   are removed.  Run "cmake --help-policy CMP0148" for policy details.  Use
[3.031s]   the cmake_policy command to set the policy and suppress this warning.
[3.031s] 
[3.031s] Call Stack (most recent call first):
[3.031s]   /Users/amoralesma/conda/envs/humble/share/rosidl_generator_py/cmake/rosidl_generator_py_generate_interfaces.cmake:21 (find_package)
[3.031s]   /Users/amoralesma/conda/envs/humble/share/ament_cmake_core/cmake/core/ament_execute_extensions.cmake:48 (include)
[3.031s]   /Users/amoralesma/conda/envs/humble/share/rosidl_cmake/cmake/rosidl_generate_interfaces.cmake:286 (ament_execute_extensions)
[3.031s]   CMakeLists.txt:26 (rosidl_generate_interfaces)
[3.031s] This warning is for project developers.  Use -Wno-dev to suppress it.
[3.031s] 
[3.141s] -- Found PythonInterp: /Users/amoralesma/conda/envs/humble/bin/python3 (found suitable version "3.11.12", minimum required is "3.6")
[3.141s] -- Using PythonExtra_INCLUDE_DIRS: /Users/amoralesma/conda/envs/humble/include/python3.11;/Users/amoralesma/conda/envs/humble/include/python3.11
[3.141s] -- Using PythonExtra_LIBRARIES: /Users/amoralesma/conda/envs/humble/lib/libpython3.11.dylib
[3.141s] -- Found PythonExtra: .so
[3.403s] -- Found Python3: /Users/amoralesma/conda/envs/humble/include/python3.11 (found version "3.11.12") found components: Development NumPy Interpreter Development.Module Development.Embed
[3.431s] -- Configuring done (3.4s)
[3.499s] -- Generating done (0.1s)
[3.499s] -- Build files have been written to: /Users/amoralesma/prueba-ros/build/dynamixel_sdk_custom_interfaces
[3.502s] Invoked command in '/Users/amoralesma/prueba-ros/build/dynamixel_sdk_custom_interfaces' returned '0': CMAKE_PREFIX_PATH=${CMAKE_PREFIX_PATH}:/Users/amoralesma/prueba-ros/install/pincher_control CONDA_PROMPT_MODIFIER=(humble) SHLVL=2 _=/Users/amoralesma/conda/envs/humble/bin/env __CF_USER_TEXT_ENCODING=0x1F5:0x0:0x2 /Users/amoralesma/conda/envs/humble/bin/cmake /Users/amoralesma/prueba-ros/src/dynamixel_sdk_custom_interfaces -DCMAKE_INSTALL_PREFIX=/Users/amoralesma/prueba-ros/install/dynamixel_sdk_custom_interfaces
[3.503s] Invoking command in '/Users/amoralesma/prueba-ros/build/dynamixel_sdk_custom_interfaces': CMAKE_PREFIX_PATH=${CMAKE_PREFIX_PATH}:/Users/amoralesma/prueba-ros/install/pincher_control CONDA_PROMPT_MODIFIER=(humble) SHLVL=2 _=/Users/amoralesma/conda/envs/humble/bin/env __CF_USER_TEXT_ENCODING=0x1F5:0x0:0x2 /Users/amoralesma/conda/envs/humble/bin/cmake --build /Users/amoralesma/prueba-ros/build/dynamixel_sdk_custom_interfaces -- -j10 -l10
[3.548s] [  2%] Generating C code for ROS interfaces
[3.560s] [  5%] Generating C++ code for ROS interfaces
[3.570s] [  5%] Built target ament_cmake_python_copy_dynamixel_sdk_custom_interfaces
[3.696s] running egg_info
[3.708s] creating dynamixel_sdk_custom_interfaces.egg-info
[3.708s] writing dynamixel_sdk_custom_interfaces.egg-info/PKG-INFO
[3.708s] writing dependency_links to dynamixel_sdk_custom_interfaces.egg-info/dependency_links.txt
[3.709s] writing top-level names to dynamixel_sdk_custom_interfaces.egg-info/top_level.txt
[3.709s] writing manifest file 'dynamixel_sdk_custom_interfaces.egg-info/SOURCES.txt'
[3.720s] [  5%] Built target dynamixel_sdk_custom_interfaces__cpp
[3.728s] [  7%] Building C object CMakeFiles/dynamixel_sdk_custom_interfaces__rosidl_generator_c.dir/rosidl_generator_c/dynamixel_sdk_custom_interfaces/msg/detail/set_position__functions.c.o
[3.729s] [ 10%] Building C object CMakeFiles/dynamixel_sdk_custom_interfaces__rosidl_generator_c.dir/rosidl_generator_c/dynamixel_sdk_custom_interfaces/srv/detail/get_position__functions.c.o
[3.735s] [ 12%] Generating C++ type support for eProsima Fast-RTPS
[3.735s] reading manifest file 'dynamixel_sdk_custom_interfaces.egg-info/SOURCES.txt'
[3.736s] writing manifest file 'dynamixel_sdk_custom_interfaces.egg-info/SOURCES.txt'
[3.737s] [ 15%] Generating C++ introspection for ROS interfaces
[3.740s] [ 17%] Generating C++ type support dispatch for ROS interfaces
[3.778s] [ 17%] Built target ament_cmake_python_build_dynamixel_sdk_custom_interfaces_egg
[3.818s] [ 20%] Linking C shared library libdynamixel_sdk_custom_interfaces__rosidl_generator_c.dylib
[3.906s] [ 20%] Built target dynamixel_sdk_custom_interfaces__rosidl_generator_c
[3.925s] [ 25%] Generating C type support dispatch for ROS interfaces
[3.925s] [ 25%] Generating C type support for eProsima Fast-RTPS
[3.926s] [ 28%] Generating C introspection for ROS interfaces
[3.940s] [ 30%] Building CXX object CMakeFiles/dynamixel_sdk_custom_interfaces__rosidl_typesupport_cpp.dir/rosidl_typesupport_cpp/dynamixel_sdk_custom_interfaces/srv/get_position__type_support.cpp.o
[3.941s] [ 33%] Building CXX object CMakeFiles/dynamixel_sdk_custom_interfaces__rosidl_typesupport_cpp.dir/rosidl_typesupport_cpp/dynamixel_sdk_custom_interfaces/msg/set_position__type_support.cpp.o
[3.952s] [ 35%] Building CXX object CMakeFiles/dynamixel_sdk_custom_interfaces__rosidl_typesupport_introspection_cpp.dir/rosidl_typesupport_introspection_cpp/dynamixel_sdk_custom_interfaces/srv/detail/get_position__type_support.cpp.o
[3.952s] [ 38%] Building CXX object CMakeFiles/dynamixel_sdk_custom_interfaces__rosidl_typesupport_introspection_cpp.dir/rosidl_typesupport_introspection_cpp/dynamixel_sdk_custom_interfaces/msg/detail/set_position__type_support.cpp.o
[3.954s] [ 41%] Building CXX object CMakeFiles/dynamixel_sdk_custom_interfaces__rosidl_typesupport_fastrtps_cpp.dir/rosidl_typesupport_fastrtps_cpp/dynamixel_sdk_custom_interfaces/msg/detail/dds_fastrtps/set_position__type_support.cpp.o
[3.955s] [ 43%] Building CXX object CMakeFiles/dynamixel_sdk_custom_interfaces__rosidl_typesupport_fastrtps_cpp.dir/rosidl_typesupport_fastrtps_cpp/dynamixel_sdk_custom_interfaces/srv/detail/dds_fastrtps/get_position__type_support.cpp.o
[4.217s] [ 46%] Building CXX object CMakeFiles/dynamixel_sdk_custom_interfaces__rosidl_typesupport_c.dir/rosidl_typesupport_c/dynamixel_sdk_custom_interfaces/srv/get_position__type_support.cpp.o
[4.218s] [ 48%] Building CXX object CMakeFiles/dynamixel_sdk_custom_interfaces__rosidl_typesupport_c.dir/rosidl_typesupport_c/dynamixel_sdk_custom_interfaces/msg/set_position__type_support.cpp.o
[4.227s] [ 51%] Building C object CMakeFiles/dynamixel_sdk_custom_interfaces__rosidl_typesupport_introspection_c.dir/rosidl_typesupport_introspection_c/dynamixel_sdk_custom_interfaces/msg/detail/set_position__type_support.c.o
[4.258s] [ 53%] Building CXX object CMakeFiles/dynamixel_sdk_custom_interfaces__rosidl_typesupport_fastrtps_c.dir/rosidl_typesupport_fastrtps_c/dynamixel_sdk_custom_interfaces/msg/detail/set_position__type_support_c.cpp.o
[4.276s] [ 56%] Building CXX object CMakeFiles/dynamixel_sdk_custom_interfaces__rosidl_typesupport_fastrtps_c.dir/rosidl_typesupport_fastrtps_c/dynamixel_sdk_custom_interfaces/srv/detail/get_position__type_support_c.cpp.o
[4.289s] [ 58%] Linking CXX shared library libdynamixel_sdk_custom_interfaces__rosidl_typesupport_c.dylib
[4.303s] [ 61%] Building C object CMakeFiles/dynamixel_sdk_custom_interfaces__rosidl_typesupport_introspection_c.dir/rosidl_typesupport_introspection_c/dynamixel_sdk_custom_interfaces/srv/detail/get_position__type_support.c.o
[4.385s] [ 61%] Built target dynamixel_sdk_custom_interfaces__rosidl_typesupport_c
[4.396s] [ 64%] Linking C shared library libdynamixel_sdk_custom_interfaces__rosidl_typesupport_introspection_c.dylib
[4.451s] [ 66%] Linking CXX shared library libdynamixel_sdk_custom_interfaces__rosidl_typesupport_cpp.dylib
[4.477s] [ 66%] Built target dynamixel_sdk_custom_interfaces__rosidl_typesupport_introspection_c
[4.548s] [ 66%] Built target dynamixel_sdk_custom_interfaces__rosidl_typesupport_cpp
[4.559s] [ 69%] Linking CXX shared library libdynamixel_sdk_custom_interfaces__rosidl_typesupport_introspection_cpp.dylib
[4.637s] [ 71%] Linking CXX shared library libdynamixel_sdk_custom_interfaces__rosidl_typesupport_fastrtps_cpp.dylib
[4.650s] [ 71%] Built target dynamixel_sdk_custom_interfaces__rosidl_typesupport_introspection_cpp
[4.713s] [ 71%] Built target dynamixel_sdk_custom_interfaces__rosidl_typesupport_fastrtps_cpp
[4.777s] [ 74%] Linking CXX shared library libdynamixel_sdk_custom_interfaces__rosidl_typesupport_fastrtps_c.dylib
[4.827s] [ 74%] Built target dynamixel_sdk_custom_interfaces__rosidl_typesupport_fastrtps_c
[4.848s] [ 74%] Built target dynamixel_sdk_custom_interfaces
[4.872s] [ 76%] Generating Python code for ROS interfaces
[5.046s] [ 76%] Built target dynamixel_sdk_custom_interfaces__py
[5.070s] [ 82%] Building C object CMakeFiles/dynamixel_sdk_custom_interfaces__rosidl_generator_py.dir/rosidl_generator_py/dynamixel_sdk_custom_interfaces/msg/_set_position_s.c.o
[5.070s] [ 82%] Building C object CMakeFiles/dynamixel_sdk_custom_interfaces__rosidl_generator_py.dir/rosidl_generator_py/dynamixel_sdk_custom_interfaces/srv/_get_position_s.c.o
[5.161s] [ 84%] Linking C shared library rosidl_generator_py/dynamixel_sdk_custom_interfaces/libdynamixel_sdk_custom_interfaces__rosidl_generator_py.dylib
[5.211s] [ 84%] Built target dynamixel_sdk_custom_interfaces__rosidl_generator_py
[5.239s] [ 92%] Building C object CMakeFiles/dynamixel_sdk_custom_interfaces__rosidl_typesupport_fastrtps_c__pyext.dir/rosidl_generator_py/dynamixel_sdk_custom_interfaces/_dynamixel_sdk_custom_interfaces_s.ep.rosidl_typesupport_fastrtps_c.c.o
[5.239s] [ 92%] Building C object CMakeFiles/dynamixel_sdk_custom_interfaces__rosidl_typesupport_introspection_c__pyext.dir/rosidl_generator_py/dynamixel_sdk_custom_interfaces/_dynamixel_sdk_custom_interfaces_s.ep.rosidl_typesupport_introspection_c.c.o
[5.239s] [ 92%] Building C object CMakeFiles/dynamixel_sdk_custom_interfaces__rosidl_typesupport_c__pyext.dir/rosidl_generator_py/dynamixel_sdk_custom_interfaces/_dynamixel_sdk_custom_interfaces_s.ep.rosidl_typesupport_c.c.o
[5.320s] [100%] Linking C shared library rosidl_generator_py/dynamixel_sdk_custom_interfaces/dynamixel_sdk_custom_interfaces_s__rosidl_typesupport_introspection_c.cpython-311-darwin.so
[5.320s] [100%] Linking C shared library rosidl_generator_py/dynamixel_sdk_custom_interfaces/dynamixel_sdk_custom_interfaces_s__rosidl_typesupport_fastrtps_c.cpython-311-darwin.so
[5.320s] [100%] Linking C shared library rosidl_generator_py/dynamixel_sdk_custom_interfaces/dynamixel_sdk_custom_interfaces_s__rosidl_typesupport_c.cpython-311-darwin.so
[5.380s] [100%] Built target dynamixel_sdk_custom_interfaces__rosidl_typesupport_introspection_c__pyext
[5.381s] [100%] Built target dynamixel_sdk_custom_interfaces__rosidl_typesupport_fastrtps_c__pyext
[5.381s] [100%] Built target dynamixel_sdk_custom_interfaces__rosidl_typesupport_c__pyext
[5.391s] Invoked command in '/Users/amoralesma/prueba-ros/build/dynamixel_sdk_custom_interfaces' returned '0': CMAKE_PREFIX_PATH=${CMAKE_PREFIX_PATH}:/Users/amoralesma/prueba-ros/install/pincher_control CONDA_PROMPT_MODIFIER=(humble) SHLVL=2 _=/Users/amoralesma/conda/envs/humble/bin/env __CF_USER_TEXT_ENCODING=0x1F5:0x0:0x2 /Users/amoralesma/conda/envs/humble/bin/cmake --build /Users/amoralesma/prueba-ros/build/dynamixel_sdk_custom_interfaces -- -j10 -l10
[5.580s] Invoking command in '/Users/amoralesma/prueba-ros/build/dynamixel_sdk_custom_interfaces': CMAKE_PREFIX_PATH=${CMAKE_PREFIX_PATH}:/Users/amoralesma/prueba-ros/install/pincher_control CONDA_PROMPT_MODIFIER=(humble) SHLVL=2 _=/Users/amoralesma/conda/envs/humble/bin/env __CF_USER_TEXT_ENCODING=0x1F5:0x0:0x2 /Users/amoralesma/conda/envs/humble/bin/cmake --install /Users/amoralesma/prueba-ros/build/dynamixel_sdk_custom_interfaces
[5.589s] -- Install configuration: ""
[5.590s] -- Installing: /Users/amoralesma/prueba-ros/install/dynamixel_sdk_custom_interfaces/share/ament_index/resource_index/rosidl_interfaces/dynamixel_sdk_custom_interfaces
[5.590s] -- Installing: /Users/amoralesma/prueba-ros/install/dynamixel_sdk_custom_interfaces/include/dynamixel_sdk_custom_interfaces/dynamixel_sdk_custom_interfaces
[5.590s] -- Installing: /Users/amoralesma/prueba-ros/install/dynamixel_sdk_custom_interfaces/include/dynamixel_sdk_custom_interfaces/dynamixel_sdk_custom_interfaces/msg
[5.590s] -- Installing: /Users/amoralesma/prueba-ros/install/dynamixel_sdk_custom_interfaces/include/dynamixel_sdk_custom_interfaces/dynamixel_sdk_custom_interfaces/msg/set_position.h
[5.590s] -- Installing: /Users/amoralesma/prueba-ros/install/dynamixel_sdk_custom_interfaces/include/dynamixel_sdk_custom_interfaces/dynamixel_sdk_custom_interfaces/msg/rosidl_generator_c__visibility_control.h
[5.590s] -- Installing: /Users/amoralesma/prueba-ros/install/dynamixel_sdk_custom_interfaces/include/dynamixel_sdk_custom_interfaces/dynamixel_sdk_custom_interfaces/msg/detail
[5.590s] -- Installing: /Users/amoralesma/prueba-ros/install/dynamixel_sdk_custom_interfaces/include/dynamixel_sdk_custom_interfaces/dynamixel_sdk_custom_interfaces/msg/detail/set_position__functions.c
[5.590s] -- Installing: /Users/amoralesma/prueba-ros/install/dynamixel_sdk_custom_interfaces/include/dynamixel_sdk_custom_interfaces/dynamixel_sdk_custom_interfaces/msg/detail/set_position__struct.h
[5.591s] -- Installing: /Users/amoralesma/prueba-ros/install/dynamixel_sdk_custom_interfaces/include/dynamixel_sdk_custom_interfaces/dynamixel_sdk_custom_interfaces/msg/detail/set_position__functions.h
[5.591s] -- Installing: /Users/amoralesma/prueba-ros/install/dynamixel_sdk_custom_interfaces/include/dynamixel_sdk_custom_interfaces/dynamixel_sdk_custom_interfaces/msg/detail/set_position__type_support.h
[5.591s] -- Installing: /Users/amoralesma/prueba-ros/install/dynamixel_sdk_custom_interfaces/include/dynamixel_sdk_custom_interfaces/dynamixel_sdk_custom_interfaces/srv
[5.591s] -- Installing: /Users/amoralesma/prueba-ros/install/dynamixel_sdk_custom_interfaces/include/dynamixel_sdk_custom_interfaces/dynamixel_sdk_custom_interfaces/srv/get_position.h
[5.591s] -- Installing: /Users/amoralesma/prueba-ros/install/dynamixel_sdk_custom_interfaces/include/dynamixel_sdk_custom_interfaces/dynamixel_sdk_custom_interfaces/srv/detail
[5.591s] -- Installing: /Users/amoralesma/prueba-ros/install/dynamixel_sdk_custom_interfaces/include/dynamixel_sdk_custom_interfaces/dynamixel_sdk_custom_interfaces/srv/detail/get_position__struct.h
[5.593s] -- Installing: /Users/amoralesma/prueba-ros/install/dynamixel_sdk_custom_interfaces/include/dynamixel_sdk_custom_interfaces/dynamixel_sdk_custom_interfaces/srv/detail/get_position__functions.h
[5.593s] -- Installing: /Users/amoralesma/prueba-ros/install/dynamixel_sdk_custom_interfaces/include/dynamixel_sdk_custom_interfaces/dynamixel_sdk_custom_interfaces/srv/detail/get_position__type_support.h
[5.593s] -- Installing: /Users/amoralesma/prueba-ros/install/dynamixel_sdk_custom_interfaces/include/dynamixel_sdk_custom_interfaces/dynamixel_sdk_custom_interfaces/srv/detail/get_position__functions.c
[5.593s] -- Installing: /Users/amoralesma/prueba-ros/install/dynamixel_sdk_custom_interfaces/lib/libdynamixel_sdk_custom_interfaces__rosidl_generator_c.dylib
[5.593s] -- Up-to-date: /Users/amoralesma/prueba-ros/install/dynamixel_sdk_custom_interfaces/include/dynamixel_sdk_custom_interfaces/dynamixel_sdk_custom_interfaces
[5.594s] -- Up-to-date: /Users/amoralesma/prueba-ros/install/dynamixel_sdk_custom_interfaces/include/dynamixel_sdk_custom_interfaces/dynamixel_sdk_custom_interfaces/msg
[5.594s] -- Up-to-date: /Users/amoralesma/prueba-ros/install/dynamixel_sdk_custom_interfaces/include/dynamixel_sdk_custom_interfaces/dynamixel_sdk_custom_interfaces/msg/detail
[5.594s] -- Installing: /Users/amoralesma/prueba-ros/install/dynamixel_sdk_custom_interfaces/include/dynamixel_sdk_custom_interfaces/dynamixel_sdk_custom_interfaces/msg/detail/set_position__rosidl_typesupport_fastrtps_c.h
[5.594s] -- Installing: /Users/amoralesma/prueba-ros/install/dynamixel_sdk_custom_interfaces/include/dynamixel_sdk_custom_interfaces/dynamixel_sdk_custom_interfaces/msg/rosidl_typesupport_fastrtps_c__visibility_control.h
[5.594s] -- Up-to-date: /Users/amoralesma/prueba-ros/install/dynamixel_sdk_custom_interfaces/include/dynamixel_sdk_custom_interfaces/dynamixel_sdk_custom_interfaces/srv
[5.594s] -- Up-to-date: /Users/amoralesma/prueba-ros/install/dynamixel_sdk_custom_interfaces/include/dynamixel_sdk_custom_interfaces/dynamixel_sdk_custom_interfaces/srv/detail
[5.594s] -- Installing: /Users/amoralesma/prueba-ros/install/dynamixel_sdk_custom_interfaces/include/dynamixel_sdk_custom_interfaces/dynamixel_sdk_custom_interfaces/srv/detail/get_position__rosidl_typesupport_fastrtps_c.h
[5.594s] -- Installing: /Users/amoralesma/prueba-ros/install/dynamixel_sdk_custom_interfaces/lib/libdynamixel_sdk_custom_interfaces__rosidl_typesupport_fastrtps_c.dylib
[5.598s] /Users/amoralesma/conda/envs/humble/bin/install_name_tool: warning: changes being made to the file will invalidate the code signature in: /Users/amoralesma/prueba-ros/install/dynamixel_sdk_custom_interfaces/lib/libdynamixel_sdk_custom_interfaces__rosidl_typesupport_fastrtps_c.dylib
[5.599s] [cctools-port]: generating fake signature for '/Users/amoralesma/prueba-ros/install/dynamixel_sdk_custom_interfaces/lib/libdynamixel_sdk_custom_interfaces__rosidl_typesupport_fastrtps_c.dylib'
[5.618s] -- Up-to-date: /Users/amoralesma/prueba-ros/install/dynamixel_sdk_custom_interfaces/include/dynamixel_sdk_custom_interfaces/dynamixel_sdk_custom_interfaces
[5.618s] -- Up-to-date: /Users/amoralesma/prueba-ros/install/dynamixel_sdk_custom_interfaces/include/dynamixel_sdk_custom_interfaces/dynamixel_sdk_custom_interfaces/msg
[5.618s] -- Installing: /Users/amoralesma/prueba-ros/install/dynamixel_sdk_custom_interfaces/include/dynamixel_sdk_custom_interfaces/dynamixel_sdk_custom_interfaces/msg/set_position.hpp
[5.618s] -- Up-to-date: /Users/amoralesma/prueba-ros/install/dynamixel_sdk_custom_interfaces/include/dynamixel_sdk_custom_interfaces/dynamixel_sdk_custom_interfaces/msg/detail
[5.618s] -- Installing: /Users/amoralesma/prueba-ros/install/dynamixel_sdk_custom_interfaces/include/dynamixel_sdk_custom_interfaces/dynamixel_sdk_custom_interfaces/msg/detail/set_position__type_support.hpp
[5.618s] -- Installing: /Users/amoralesma/prueba-ros/install/dynamixel_sdk_custom_interfaces/include/dynamixel_sdk_custom_interfaces/dynamixel_sdk_custom_interfaces/msg/detail/set_position__builder.hpp
[5.618s] -- Installing: /Users/amoralesma/prueba-ros/install/dynamixel_sdk_custom_interfaces/include/dynamixel_sdk_custom_interfaces/dynamixel_sdk_custom_interfaces/msg/detail/set_position__struct.hpp
[5.618s] -- Installing: /Users/amoralesma/prueba-ros/install/dynamixel_sdk_custom_interfaces/include/dynamixel_sdk_custom_interfaces/dynamixel_sdk_custom_interfaces/msg/detail/set_position__traits.hpp
[5.618s] -- Installing: /Users/amoralesma/prueba-ros/install/dynamixel_sdk_custom_interfaces/include/dynamixel_sdk_custom_interfaces/dynamixel_sdk_custom_interfaces/msg/rosidl_generator_cpp__visibility_control.hpp
[5.619s] -- Up-to-date: /Users/amoralesma/prueba-ros/install/dynamixel_sdk_custom_interfaces/include/dynamixel_sdk_custom_interfaces/dynamixel_sdk_custom_interfaces/srv
[5.619s] -- Up-to-date: /Users/amoralesma/prueba-ros/install/dynamixel_sdk_custom_interfaces/include/dynamixel_sdk_custom_interfaces/dynamixel_sdk_custom_interfaces/srv/detail
[5.619s] -- Installing: /Users/amoralesma/prueba-ros/install/dynamixel_sdk_custom_interfaces/include/dynamixel_sdk_custom_interfaces/dynamixel_sdk_custom_interfaces/srv/detail/get_position__traits.hpp
[5.619s] -- Installing: /Users/amoralesma/prueba-ros/install/dynamixel_sdk_custom_interfaces/include/dynamixel_sdk_custom_interfaces/dynamixel_sdk_custom_interfaces/srv/detail/get_position__type_support.hpp
[5.619s] -- Installing: /Users/amoralesma/prueba-ros/install/dynamixel_sdk_custom_interfaces/include/dynamixel_sdk_custom_interfaces/dynamixel_sdk_custom_interfaces/srv/detail/get_position__builder.hpp
[5.619s] -- Installing: /Users/amoralesma/prueba-ros/install/dynamixel_sdk_custom_interfaces/include/dynamixel_sdk_custom_interfaces/dynamixel_sdk_custom_interfaces/srv/detail/get_position__struct.hpp
[5.619s] -- Installing: /Users/amoralesma/prueba-ros/install/dynamixel_sdk_custom_interfaces/include/dynamixel_sdk_custom_interfaces/dynamixel_sdk_custom_interfaces/srv/get_position.hpp
[5.620s] -- Up-to-date: /Users/amoralesma/prueba-ros/install/dynamixel_sdk_custom_interfaces/include/dynamixel_sdk_custom_interfaces/dynamixel_sdk_custom_interfaces
[5.620s] -- Up-to-date: /Users/amoralesma/prueba-ros/install/dynamixel_sdk_custom_interfaces/include/dynamixel_sdk_custom_interfaces/dynamixel_sdk_custom_interfaces/msg
[5.620s] -- Installing: /Users/amoralesma/prueba-ros/install/dynamixel_sdk_custom_interfaces/include/dynamixel_sdk_custom_interfaces/dynamixel_sdk_custom_interfaces/msg/rosidl_typesupport_fastrtps_cpp__visibility_control.h
[5.620s] -- Up-to-date: /Users/amoralesma/prueba-ros/install/dynamixel_sdk_custom_interfaces/include/dynamixel_sdk_custom_interfaces/dynamixel_sdk_custom_interfaces/msg/detail
[5.620s] -- Installing: /Users/amoralesma/prueba-ros/install/dynamixel_sdk_custom_interfaces/include/dynamixel_sdk_custom_interfaces/dynamixel_sdk_custom_interfaces/msg/detail/set_position__rosidl_typesupport_fastrtps_cpp.hpp
[5.620s] -- Installing: /Users/amoralesma/prueba-ros/install/dynamixel_sdk_custom_interfaces/include/dynamixel_sdk_custom_interfaces/dynamixel_sdk_custom_interfaces/msg/detail/dds_fastrtps
[5.620s] -- Up-to-date: /Users/amoralesma/prueba-ros/install/dynamixel_sdk_custom_interfaces/include/dynamixel_sdk_custom_interfaces/dynamixel_sdk_custom_interfaces/srv
[5.620s] -- Up-to-date: /Users/amoralesma/prueba-ros/install/dynamixel_sdk_custom_interfaces/include/dynamixel_sdk_custom_interfaces/dynamixel_sdk_custom_interfaces/srv/detail
[5.620s] -- Installing: /Users/amoralesma/prueba-ros/install/dynamixel_sdk_custom_interfaces/include/dynamixel_sdk_custom_interfaces/dynamixel_sdk_custom_interfaces/srv/detail/get_position__rosidl_typesupport_fastrtps_cpp.hpp
[5.620s] -- Installing: /Users/amoralesma/prueba-ros/install/dynamixel_sdk_custom_interfaces/include/dynamixel_sdk_custom_interfaces/dynamixel_sdk_custom_interfaces/srv/detail/dds_fastrtps
[5.620s] -- Installing: /Users/amoralesma/prueba-ros/install/dynamixel_sdk_custom_interfaces/lib/libdynamixel_sdk_custom_interfaces__rosidl_typesupport_fastrtps_cpp.dylib
[5.621s] -- Up-to-date: /Users/amoralesma/prueba-ros/install/dynamixel_sdk_custom_interfaces/include/dynamixel_sdk_custom_interfaces/dynamixel_sdk_custom_interfaces
[5.621s] -- Up-to-date: /Users/amoralesma/prueba-ros/install/dynamixel_sdk_custom_interfaces/include/dynamixel_sdk_custom_interfaces/dynamixel_sdk_custom_interfaces/msg
[5.621s] -- Up-to-date: /Users/amoralesma/prueba-ros/install/dynamixel_sdk_custom_interfaces/include/dynamixel_sdk_custom_interfaces/dynamixel_sdk_custom_interfaces/msg/detail
[5.621s] -- Installing: /Users/amoralesma/prueba-ros/install/dynamixel_sdk_custom_interfaces/include/dynamixel_sdk_custom_interfaces/dynamixel_sdk_custom_interfaces/msg/detail/set_position__type_support.c
[5.621s] -- Installing: /Users/amoralesma/prueba-ros/install/dynamixel_sdk_custom_interfaces/include/dynamixel_sdk_custom_interfaces/dynamixel_sdk_custom_interfaces/msg/detail/set_position__rosidl_typesupport_introspection_c.h
[5.621s] -- Installing: /Users/amoralesma/prueba-ros/install/dynamixel_sdk_custom_interfaces/include/dynamixel_sdk_custom_interfaces/dynamixel_sdk_custom_interfaces/msg/rosidl_typesupport_introspection_c__visibility_control.h
[5.622s] -- Up-to-date: /Users/amoralesma/prueba-ros/install/dynamixel_sdk_custom_interfaces/include/dynamixel_sdk_custom_interfaces/dynamixel_sdk_custom_interfaces/srv
[5.622s] -- Up-to-date: /Users/amoralesma/prueba-ros/install/dynamixel_sdk_custom_interfaces/include/dynamixel_sdk_custom_interfaces/dynamixel_sdk_custom_interfaces/srv/detail
[5.622s] -- Installing: /Users/amoralesma/prueba-ros/install/dynamixel_sdk_custom_interfaces/include/dynamixel_sdk_custom_interfaces/dynamixel_sdk_custom_interfaces/srv/detail/get_position__rosidl_typesupport_introspection_c.h
[5.622s] -- Installing: /Users/amoralesma/prueba-ros/install/dynamixel_sdk_custom_interfaces/include/dynamixel_sdk_custom_interfaces/dynamixel_sdk_custom_interfaces/srv/detail/get_position__type_support.c
[5.622s] -- Installing: /Users/amoralesma/prueba-ros/install/dynamixel_sdk_custom_interfaces/lib/libdynamixel_sdk_custom_interfaces__rosidl_typesupport_introspection_c.dylib
[5.624s] /Users/amoralesma/conda/envs/humble/bin/install_name_tool: warning: changes being made to the file will invalidate the code signature in: /Users/amoralesma/prueba-ros/install/dynamixel_sdk_custom_interfaces/lib/libdynamixel_sdk_custom_interfaces__rosidl_typesupport_introspection_c.dylib
[5.624s] [cctools-port]: generating fake signature for '/Users/amoralesma/prueba-ros/install/dynamixel_sdk_custom_interfaces/lib/libdynamixel_sdk_custom_interfaces__rosidl_typesupport_introspection_c.dylib'
[5.634s] -- Installing: /Users/amoralesma/prueba-ros/install/dynamixel_sdk_custom_interfaces/lib/libdynamixel_sdk_custom_interfaces__rosidl_typesupport_c.dylib
[5.636s] /Users/amoralesma/conda/envs/humble/bin/install_name_tool: warning: changes being made to the file will invalidate the code signature in: /Users/amoralesma/prueba-ros/install/dynamixel_sdk_custom_interfaces/lib/libdynamixel_sdk_custom_interfaces__rosidl_typesupport_c.dylib
[5.636s] [cctools-port]: generating fake signature for '/Users/amoralesma/prueba-ros/install/dynamixel_sdk_custom_interfaces/lib/libdynamixel_sdk_custom_interfaces__rosidl_typesupport_c.dylib'
[5.645s] -- Up-to-date: /Users/amoralesma/prueba-ros/install/dynamixel_sdk_custom_interfaces/include/dynamixel_sdk_custom_interfaces/dynamixel_sdk_custom_interfaces
[5.645s] -- Up-to-date: /Users/amoralesma/prueba-ros/install/dynamixel_sdk_custom_interfaces/include/dynamixel_sdk_custom_interfaces/dynamixel_sdk_custom_interfaces/msg
[5.645s] -- Up-to-date: /Users/amoralesma/prueba-ros/install/dynamixel_sdk_custom_interfaces/include/dynamixel_sdk_custom_interfaces/dynamixel_sdk_custom_interfaces/msg/detail
[5.645s] -- Installing: /Users/amoralesma/prueba-ros/install/dynamixel_sdk_custom_interfaces/include/dynamixel_sdk_custom_interfaces/dynamixel_sdk_custom_interfaces/msg/detail/set_position__rosidl_typesupport_introspection_cpp.hpp
[5.645s] -- Installing: /Users/amoralesma/prueba-ros/install/dynamixel_sdk_custom_interfaces/include/dynamixel_sdk_custom_interfaces/dynamixel_sdk_custom_interfaces/msg/detail/set_position__type_support.cpp
[5.645s] -- Up-to-date: /Users/amoralesma/prueba-ros/install/dynamixel_sdk_custom_interfaces/include/dynamixel_sdk_custom_interfaces/dynamixel_sdk_custom_interfaces/srv
[5.645s] -- Up-to-date: /Users/amoralesma/prueba-ros/install/dynamixel_sdk_custom_interfaces/include/dynamixel_sdk_custom_interfaces/dynamixel_sdk_custom_interfaces/srv/detail
[5.645s] -- Installing: /Users/amoralesma/prueba-ros/install/dynamixel_sdk_custom_interfaces/include/dynamixel_sdk_custom_interfaces/dynamixel_sdk_custom_interfaces/srv/detail/get_position__rosidl_typesupport_introspection_cpp.hpp
[5.646s] -- Installing: /Users/amoralesma/prueba-ros/install/dynamixel_sdk_custom_interfaces/include/dynamixel_sdk_custom_interfaces/dynamixel_sdk_custom_interfaces/srv/detail/get_position__type_support.cpp
[5.646s] -- Installing: /Users/amoralesma/prueba-ros/install/dynamixel_sdk_custom_interfaces/lib/libdynamixel_sdk_custom_interfaces__rosidl_typesupport_introspection_cpp.dylib
[5.646s] -- Installing: /Users/amoralesma/prueba-ros/install/dynamixel_sdk_custom_interfaces/lib/libdynamixel_sdk_custom_interfaces__rosidl_typesupport_cpp.dylib
[5.646s] -- Installing: /Users/amoralesma/prueba-ros/install/dynamixel_sdk_custom_interfaces/share/dynamixel_sdk_custom_interfaces/environment/pythonpath.sh
[5.646s] -- Installing: /Users/amoralesma/prueba-ros/install/dynamixel_sdk_custom_interfaces/share/dynamixel_sdk_custom_interfaces/environment/pythonpath.dsv
[5.647s] -- Installing: /Users/amoralesma/prueba-ros/install/dynamixel_sdk_custom_interfaces/lib/python3.11/site-packages/dynamixel_sdk_custom_interfaces-3.8.4-py3.11.egg-info
[5.647s] -- Installing: /Users/amoralesma/prueba-ros/install/dynamixel_sdk_custom_interfaces/lib/python3.11/site-packages/dynamixel_sdk_custom_interfaces-3.8.4-py3.11.egg-info/PKG-INFO
[5.647s] -- Installing: /Users/amoralesma/prueba-ros/install/dynamixel_sdk_custom_interfaces/lib/python3.11/site-packages/dynamixel_sdk_custom_interfaces-3.8.4-py3.11.egg-info/SOURCES.txt
[5.647s] -- Installing: /Users/amoralesma/prueba-ros/install/dynamixel_sdk_custom_interfaces/lib/python3.11/site-packages/dynamixel_sdk_custom_interfaces-3.8.4-py3.11.egg-info/top_level.txt
[5.647s] -- Installing: /Users/amoralesma/prueba-ros/install/dynamixel_sdk_custom_interfaces/lib/python3.11/site-packages/dynamixel_sdk_custom_interfaces-3.8.4-py3.11.egg-info/dependency_links.txt
[5.647s] -- Installing: /Users/amoralesma/prueba-ros/install/dynamixel_sdk_custom_interfaces/lib/python3.11/site-packages/dynamixel_sdk_custom_interfaces
[5.647s] -- Installing: /Users/amoralesma/prueba-ros/install/dynamixel_sdk_custom_interfaces/lib/python3.11/site-packages/dynamixel_sdk_custom_interfaces/libdynamixel_sdk_custom_interfaces__rosidl_generator_py.dylib
[5.648s] -- Installing: /Users/amoralesma/prueba-ros/install/dynamixel_sdk_custom_interfaces/lib/python3.11/site-packages/dynamixel_sdk_custom_interfaces/msg
[5.648s] -- Installing: /Users/amoralesma/prueba-ros/install/dynamixel_sdk_custom_interfaces/lib/python3.11/site-packages/dynamixel_sdk_custom_interfaces/msg/__init__.py
[5.648s] -- Installing: /Users/amoralesma/prueba-ros/install/dynamixel_sdk_custom_interfaces/lib/python3.11/site-packages/dynamixel_sdk_custom_interfaces/msg/_set_position.py
[5.648s] -- Installing: /Users/amoralesma/prueba-ros/install/dynamixel_sdk_custom_interfaces/lib/python3.11/site-packages/dynamixel_sdk_custom_interfaces/msg/_set_position_s.c
[5.648s] -- Installing: /Users/amoralesma/prueba-ros/install/dynamixel_sdk_custom_interfaces/lib/python3.11/site-packages/dynamixel_sdk_custom_interfaces/__init__.py
[5.648s] -- Installing: /Users/amoralesma/prueba-ros/install/dynamixel_sdk_custom_interfaces/lib/python3.11/site-packages/dynamixel_sdk_custom_interfaces/dynamixel_sdk_custom_interfaces_s__rosidl_typesupport_c.cpython-311-darwin.so
[5.648s] -- Installing: /Users/amoralesma/prueba-ros/install/dynamixel_sdk_custom_interfaces/lib/python3.11/site-packages/dynamixel_sdk_custom_interfaces/dynamixel_sdk_custom_interfaces_s__rosidl_typesupport_introspection_c.cpython-311-darwin.so
[5.649s] -- Installing: /Users/amoralesma/prueba-ros/install/dynamixel_sdk_custom_interfaces/lib/python3.11/site-packages/dynamixel_sdk_custom_interfaces/_dynamixel_sdk_custom_interfaces_s.ep.rosidl_typesupport_introspection_c.c
[5.649s] -- Installing: /Users/amoralesma/prueba-ros/install/dynamixel_sdk_custom_interfaces/lib/python3.11/site-packages/dynamixel_sdk_custom_interfaces/_dynamixel_sdk_custom_interfaces_s.ep.rosidl_typesupport_c.c
[5.649s] -- Installing: /Users/amoralesma/prueba-ros/install/dynamixel_sdk_custom_interfaces/lib/python3.11/site-packages/dynamixel_sdk_custom_interfaces/_dynamixel_sdk_custom_interfaces_s.ep.rosidl_typesupport_fastrtps_c.c
[5.649s] -- Installing: /Users/amoralesma/prueba-ros/install/dynamixel_sdk_custom_interfaces/lib/python3.11/site-packages/dynamixel_sdk_custom_interfaces/dynamixel_sdk_custom_interfaces_s__rosidl_typesupport_fastrtps_c.cpython-311-darwin.so
[5.649s] -- Installing: /Users/amoralesma/prueba-ros/install/dynamixel_sdk_custom_interfaces/lib/python3.11/site-packages/dynamixel_sdk_custom_interfaces/srv
[5.649s] -- Installing: /Users/amoralesma/prueba-ros/install/dynamixel_sdk_custom_interfaces/lib/python3.11/site-packages/dynamixel_sdk_custom_interfaces/srv/_get_position_s.c
[5.649s] -- Installing: /Users/amoralesma/prueba-ros/install/dynamixel_sdk_custom_interfaces/lib/python3.11/site-packages/dynamixel_sdk_custom_interfaces/srv/__init__.py
[5.650s] -- Installing: /Users/amoralesma/prueba-ros/install/dynamixel_sdk_custom_interfaces/lib/python3.11/site-packages/dynamixel_sdk_custom_interfaces/srv/_get_position.py
[5.667s] Listing 'lib/python3.11/site-packages/dynamixel_sdk_custom_interfaces'...
[5.667s] Can't list 'lib/python3.11/site-packages/dynamixel_sdk_custom_interfaces'
[5.670s] -- Up-to-date: /Users/amoralesma/prueba-ros/install/dynamixel_sdk_custom_interfaces/lib/python3.11/site-packages/dynamixel_sdk_custom_interfaces/dynamixel_sdk_custom_interfaces_s__rosidl_typesupport_fastrtps_c.cpython-311-darwin.so
[5.672s] /Users/amoralesma/conda/envs/humble/bin/install_name_tool: warning: changes being made to the file will invalidate the code signature in: /Users/amoralesma/prueba-ros/install/dynamixel_sdk_custom_interfaces/lib/python3.11/site-packages/dynamixel_sdk_custom_interfaces/dynamixel_sdk_custom_interfaces_s__rosidl_typesupport_fastrtps_c.cpython-311-darwin.so
[5.673s] [cctools-port]: generating fake signature for '/Users/amoralesma/prueba-ros/install/dynamixel_sdk_custom_interfaces/lib/python3.11/site-packages/dynamixel_sdk_custom_interfaces/dynamixel_sdk_custom_interfaces_s__rosidl_typesupport_fastrtps_c.cpython-311-darwin.so'
[5.682s] -- Up-to-date: /Users/amoralesma/prueba-ros/install/dynamixel_sdk_custom_interfaces/lib/python3.11/site-packages/dynamixel_sdk_custom_interfaces/dynamixel_sdk_custom_interfaces_s__rosidl_typesupport_introspection_c.cpython-311-darwin.so
[5.683s] /Users/amoralesma/conda/envs/humble/bin/install_name_tool: warning: changes being made to the file will invalidate the code signature in: /Users/amoralesma/prueba-ros/install/dynamixel_sdk_custom_interfaces/lib/python3.11/site-packages/dynamixel_sdk_custom_interfaces/dynamixel_sdk_custom_interfaces_s__rosidl_typesupport_introspection_c.cpython-311-darwin.so
[5.683s] [cctools-port]: generating fake signature for '/Users/amoralesma/prueba-ros/install/dynamixel_sdk_custom_interfaces/lib/python3.11/site-packages/dynamixel_sdk_custom_interfaces/dynamixel_sdk_custom_interfaces_s__rosidl_typesupport_introspection_c.cpython-311-darwin.so'
[5.690s] -- Up-to-date: /Users/amoralesma/prueba-ros/install/dynamixel_sdk_custom_interfaces/lib/python3.11/site-packages/dynamixel_sdk_custom_interfaces/dynamixel_sdk_custom_interfaces_s__rosidl_typesupport_c.cpython-311-darwin.so
[5.691s] /Users/amoralesma/conda/envs/humble/bin/install_name_tool: warning: changes being made to the file will invalidate the code signature in: /Users/amoralesma/prueba-ros/install/dynamixel_sdk_custom_interfaces/lib/python3.11/site-packages/dynamixel_sdk_custom_interfaces/dynamixel_sdk_custom_interfaces_s__rosidl_typesupport_c.cpython-311-darwin.so
[5.692s] [cctools-port]: generating fake signature for '/Users/amoralesma/prueba-ros/install/dynamixel_sdk_custom_interfaces/lib/python3.11/site-packages/dynamixel_sdk_custom_interfaces/dynamixel_sdk_custom_interfaces_s__rosidl_typesupport_c.cpython-311-darwin.so'
[5.698s] -- Installing: /Users/amoralesma/prueba-ros/install/dynamixel_sdk_custom_interfaces/lib/libdynamixel_sdk_custom_interfaces__rosidl_generator_py.dylib
[5.700s] /Users/amoralesma/conda/envs/humble/bin/install_name_tool: warning: changes being made to the file will invalidate the code signature in: /Users/amoralesma/prueba-ros/install/dynamixel_sdk_custom_interfaces/lib/libdynamixel_sdk_custom_interfaces__rosidl_generator_py.dylib
[5.700s] [cctools-port]: generating fake signature for '/Users/amoralesma/prueba-ros/install/dynamixel_sdk_custom_interfaces/lib/libdynamixel_sdk_custom_interfaces__rosidl_generator_py.dylib'
[5.713s] -- Installing: /Users/amoralesma/prueba-ros/install/dynamixel_sdk_custom_interfaces/share/dynamixel_sdk_custom_interfaces/msg/SetPosition.idl
[5.713s] -- Installing: /Users/amoralesma/prueba-ros/install/dynamixel_sdk_custom_interfaces/share/dynamixel_sdk_custom_interfaces/srv/GetPosition.idl
[5.713s] -- Installing: /Users/amoralesma/prueba-ros/install/dynamixel_sdk_custom_interfaces/share/dynamixel_sdk_custom_interfaces/msg/SetPosition.msg
[5.713s] -- Installing: /Users/amoralesma/prueba-ros/install/dynamixel_sdk_custom_interfaces/share/dynamixel_sdk_custom_interfaces/srv/GetPosition.srv
[5.713s] -- Installing: /Users/amoralesma/prueba-ros/install/dynamixel_sdk_custom_interfaces/share/dynamixel_sdk_custom_interfaces/srv/GetPosition_Request.msg
[5.713s] -- Installing: /Users/amoralesma/prueba-ros/install/dynamixel_sdk_custom_interfaces/share/dynamixel_sdk_custom_interfaces/srv/GetPosition_Response.msg
[5.713s] -- Installing: /Users/amoralesma/prueba-ros/install/dynamixel_sdk_custom_interfaces/share/ament_index/resource_index/package_run_dependencies/dynamixel_sdk_custom_interfaces
[5.713s] -- Installing: /Users/amoralesma/prueba-ros/install/dynamixel_sdk_custom_interfaces/share/ament_index/resource_index/parent_prefix_path/dynamixel_sdk_custom_interfaces
[5.714s] -- Installing: /Users/amoralesma/prueba-ros/install/dynamixel_sdk_custom_interfaces/share/dynamixel_sdk_custom_interfaces/environment/ament_prefix_path.sh
[5.714s] -- Installing: /Users/amoralesma/prueba-ros/install/dynamixel_sdk_custom_interfaces/share/dynamixel_sdk_custom_interfaces/environment/ament_prefix_path.dsv
[5.714s] -- Installing: /Users/amoralesma/prueba-ros/install/dynamixel_sdk_custom_interfaces/share/dynamixel_sdk_custom_interfaces/environment/path.sh
[5.714s] -- Installing: /Users/amoralesma/prueba-ros/install/dynamixel_sdk_custom_interfaces/share/dynamixel_sdk_custom_interfaces/environment/path.dsv
[5.715s] -- Installing: /Users/amoralesma/prueba-ros/install/dynamixel_sdk_custom_interfaces/share/dynamixel_sdk_custom_interfaces/local_setup.bash
[5.715s] -- Installing: /Users/amoralesma/prueba-ros/install/dynamixel_sdk_custom_interfaces/share/dynamixel_sdk_custom_interfaces/local_setup.sh
[5.715s] -- Installing: /Users/amoralesma/prueba-ros/install/dynamixel_sdk_custom_interfaces/share/dynamixel_sdk_custom_interfaces/local_setup.zsh
[5.715s] -- Installing: /Users/amoralesma/prueba-ros/install/dynamixel_sdk_custom_interfaces/share/dynamixel_sdk_custom_interfaces/local_setup.dsv
[5.715s] -- Installing: /Users/amoralesma/prueba-ros/install/dynamixel_sdk_custom_interfaces/share/dynamixel_sdk_custom_interfaces/package.dsv
[5.715s] -- Installing: /Users/amoralesma/prueba-ros/install/dynamixel_sdk_custom_interfaces/share/ament_index/resource_index/packages/dynamixel_sdk_custom_interfaces
[5.716s] -- Installing: /Users/amoralesma/prueba-ros/install/dynamixel_sdk_custom_interfaces/share/dynamixel_sdk_custom_interfaces/cmake/export_dynamixel_sdk_custom_interfaces__rosidl_generator_cExport.cmake
[5.716s] -- Installing: /Users/amoralesma/prueba-ros/install/dynamixel_sdk_custom_interfaces/share/dynamixel_sdk_custom_interfaces/cmake/export_dynamixel_sdk_custom_interfaces__rosidl_generator_cExport-noconfig.cmake
[5.716s] -- Installing: /Users/amoralesma/prueba-ros/install/dynamixel_sdk_custom_interfaces/share/dynamixel_sdk_custom_interfaces/cmake/export_dynamixel_sdk_custom_interfaces__rosidl_typesupport_fastrtps_cExport.cmake
[5.716s] -- Installing: /Users/amoralesma/prueba-ros/install/dynamixel_sdk_custom_interfaces/share/dynamixel_sdk_custom_interfaces/cmake/export_dynamixel_sdk_custom_interfaces__rosidl_typesupport_fastrtps_cExport-noconfig.cmake
[5.716s] -- Installing: /Users/amoralesma/prueba-ros/install/dynamixel_sdk_custom_interfaces/share/dynamixel_sdk_custom_interfaces/cmake/export_dynamixel_sdk_custom_interfaces__rosidl_generator_cppExport.cmake
[5.716s] -- Installing: /Users/amoralesma/prueba-ros/install/dynamixel_sdk_custom_interfaces/share/dynamixel_sdk_custom_interfaces/cmake/export_dynamixel_sdk_custom_interfaces__rosidl_typesupport_fastrtps_cppExport.cmake
[5.717s] -- Installing: /Users/amoralesma/prueba-ros/install/dynamixel_sdk_custom_interfaces/share/dynamixel_sdk_custom_interfaces/cmake/export_dynamixel_sdk_custom_interfaces__rosidl_typesupport_fastrtps_cppExport-noconfig.cmake
[5.717s] -- Installing: /Users/amoralesma/prueba-ros/install/dynamixel_sdk_custom_interfaces/share/dynamixel_sdk_custom_interfaces/cmake/dynamixel_sdk_custom_interfaces__rosidl_typesupport_introspection_cExport.cmake
[5.717s] -- Installing: /Users/amoralesma/prueba-ros/install/dynamixel_sdk_custom_interfaces/share/dynamixel_sdk_custom_interfaces/cmake/dynamixel_sdk_custom_interfaces__rosidl_typesupport_introspection_cExport-noconfig.cmake
[5.717s] -- Installing: /Users/amoralesma/prueba-ros/install/dynamixel_sdk_custom_interfaces/share/dynamixel_sdk_custom_interfaces/cmake/dynamixel_sdk_custom_interfaces__rosidl_typesupport_cExport.cmake
[5.717s] -- Installing: /Users/amoralesma/prueba-ros/install/dynamixel_sdk_custom_interfaces/share/dynamixel_sdk_custom_interfaces/cmake/dynamixel_sdk_custom_interfaces__rosidl_typesupport_cExport-noconfig.cmake
[5.718s] -- Installing: /Users/amoralesma/prueba-ros/install/dynamixel_sdk_custom_interfaces/share/dynamixel_sdk_custom_interfaces/cmake/dynamixel_sdk_custom_interfaces__rosidl_typesupport_introspection_cppExport.cmake
[5.718s] -- Installing: /Users/amoralesma/prueba-ros/install/dynamixel_sdk_custom_interfaces/share/dynamixel_sdk_custom_interfaces/cmake/dynamixel_sdk_custom_interfaces__rosidl_typesupport_introspection_cppExport-noconfig.cmake
[5.718s] -- Installing: /Users/amoralesma/prueba-ros/install/dynamixel_sdk_custom_interfaces/share/dynamixel_sdk_custom_interfaces/cmake/dynamixel_sdk_custom_interfaces__rosidl_typesupport_cppExport.cmake
[5.718s] -- Installing: /Users/amoralesma/prueba-ros/install/dynamixel_sdk_custom_interfaces/share/dynamixel_sdk_custom_interfaces/cmake/dynamixel_sdk_custom_interfaces__rosidl_typesupport_cppExport-noconfig.cmake
[5.718s] -- Installing: /Users/amoralesma/prueba-ros/install/dynamixel_sdk_custom_interfaces/share/dynamixel_sdk_custom_interfaces/cmake/export_dynamixel_sdk_custom_interfaces__rosidl_generator_pyExport.cmake
[5.718s] -- Installing: /Users/amoralesma/prueba-ros/install/dynamixel_sdk_custom_interfaces/share/dynamixel_sdk_custom_interfaces/cmake/export_dynamixel_sdk_custom_interfaces__rosidl_generator_pyExport-noconfig.cmake
[5.719s] -- Installing: /Users/amoralesma/prueba-ros/install/dynamixel_sdk_custom_interfaces/share/dynamixel_sdk_custom_interfaces/cmake/rosidl_cmake-extras.cmake
[5.719s] -- Installing: /Users/amoralesma/prueba-ros/install/dynamixel_sdk_custom_interfaces/share/dynamixel_sdk_custom_interfaces/cmake/ament_cmake_export_dependencies-extras.cmake
[5.719s] -- Installing: /Users/amoralesma/prueba-ros/install/dynamixel_sdk_custom_interfaces/share/dynamixel_sdk_custom_interfaces/cmake/ament_cmake_export_include_directories-extras.cmake
[5.719s] -- Installing: /Users/amoralesma/prueba-ros/install/dynamixel_sdk_custom_interfaces/share/dynamixel_sdk_custom_interfaces/cmake/ament_cmake_export_libraries-extras.cmake
[5.720s] -- Installing: /Users/amoralesma/prueba-ros/install/dynamixel_sdk_custom_interfaces/share/dynamixel_sdk_custom_interfaces/cmake/ament_cmake_export_targets-extras.cmake
[5.720s] -- Installing: /Users/amoralesma/prueba-ros/install/dynamixel_sdk_custom_interfaces/share/dynamixel_sdk_custom_interfaces/cmake/rosidl_cmake_export_typesupport_targets-extras.cmake
[5.720s] -- Installing: /Users/amoralesma/prueba-ros/install/dynamixel_sdk_custom_interfaces/share/dynamixel_sdk_custom_interfaces/cmake/rosidl_cmake_export_typesupport_libraries-extras.cmake
[5.720s] -- Installing: /Users/amoralesma/prueba-ros/install/dynamixel_sdk_custom_interfaces/share/dynamixel_sdk_custom_interfaces/cmake/dynamixel_sdk_custom_interfacesConfig.cmake
[5.720s] -- Installing: /Users/amoralesma/prueba-ros/install/dynamixel_sdk_custom_interfaces/share/dynamixel_sdk_custom_interfaces/cmake/dynamixel_sdk_custom_interfacesConfig-version.cmake
[5.721s] -- Installing: /Users/amoralesma/prueba-ros/install/dynamixel_sdk_custom_interfaces/share/dynamixel_sdk_custom_interfaces/package.xml
[5.723s] Invoked command in '/Users/amoralesma/prueba-ros/build/dynamixel_sdk_custom_interfaces' returned '0': CMAKE_PREFIX_PATH=${CMAKE_PREFIX_PATH}:/Users/amoralesma/prueba-ros/install/pincher_control CONDA_PROMPT_MODIFIER=(humble) SHLVL=2 _=/Users/amoralesma/conda/envs/humble/bin/env __CF_USER_TEXT_ENCODING=0x1F5:0x0:0x2 /Users/amoralesma/conda/envs/humble/bin/cmake --install /Users/amoralesma/prueba-ros/build/dynamixel_sdk_custom_interfaces
