CMake Deprecation Warning at CMakeLists.txt:4 (cmake_minimum_required):
  Compatibility with CMake < 3.10 will be removed from a future version of
  CMake.

  Update the VERSION argument <min> value.  Or, use the <min>...<max> syntax
  to tell CMake that the project requires at least <min> but has been updated
  to work with policies introduced by <max> or earlier.


-- The C compiler identification is Clang 18.1.8
-- The CXX compiler identification is Clang 18.1.8
-- Detecting C compiler ABI info
-- Detecting C compiler ABI info - done
-- Check for working C compiler: /Users/amoralesma/conda/envs/humble/bin/arm64-apple-darwin20.0.0-clang - skipped
-- Detecting C compile features
-- Detecting C compile features - done
-- Detecting CXX compiler ABI info
-- Detecting CXX compiler ABI info - done
-- Check for working CXX compiler: /Users/amoralesma/conda/envs/humble/bin/arm64-apple-darwin20.0.0-clang++ - skipped
-- Detecting CXX compile features
-- Detecting CXX compile features - done
-- Found ament_cmake: 1.3.11 (/Users/amoralesma/conda/envs/humble/share/ament_cmake/cmake)
-- Found Python3: /Users/amoralesma/conda/envs/humble/bin/python3 (found version "3.11.12") found components: Interpreter
-- Configuring done (1.4s)
-- Generating done (0.0s)
-- Build files have been written to: /Users/amoralesma/prueba-ros/build/dynamixel_sdk
[  7%] Building CXX object CMakeFiles/dynamixel_sdk.dir/src/dynamixel_sdk/protocol2_packet_handler.cpp.o
[ 23%] Building CXX object CMakeFiles/dynamixel_sdk.dir/src/dynamixel_sdk/group_bulk_read.cpp.o
[ 23%] Building CXX object CMakeFiles/dynamixel_sdk.dir/src/dynamixel_sdk/group_fast_bulk_read.cpp.o
[ 30%] Building CXX object CMakeFiles/dynamixel_sdk.dir/src/dynamixel_sdk/protocol1_packet_handler.cpp.o
[ 38%] Building CXX object CMakeFiles/dynamixel_sdk.dir/src/dynamixel_sdk/packet_handler.cpp.o
[ 53%] Building CXX object CMakeFiles/dynamixel_sdk.dir/src/dynamixel_sdk/group_sync_write.cpp.o
[ 53%] Building CXX object CMakeFiles/dynamixel_sdk.dir/src/dynamixel_sdk/group_sync_read.cpp.o
[ 53%] Built target ament_cmake_python_copy_dynamixel_sdk
[ 61%] Building CXX object CMakeFiles/dynamixel_sdk.dir/src/dynamixel_sdk/group_bulk_write.cpp.o
[ 69%] Building CXX object CMakeFiles/dynamixel_sdk.dir/src/dynamixel_sdk/group_fast_sync_read.cpp.o
running egg_info
creating dynamixel_sdk.egg-info
writing dynamixel_sdk.egg-info/PKG-INFO
writing dependency_links to dynamixel_sdk.egg-info/dependency_links.txt
writing top-level names to dynamixel_sdk.egg-info/top_level.txt
writing manifest file 'dynamixel_sdk.egg-info/SOURCES.txt'
reading manifest file 'dynamixel_sdk.egg-info/SOURCES.txt'
writing manifest file 'dynamixel_sdk.egg-info/SOURCES.txt'
[ 69%] Built target ament_cmake_python_build_dynamixel_sdk_egg
[ 76%] Building CXX object CMakeFiles/dynamixel_sdk.dir/src/dynamixel_sdk/group_handler.cpp.o
[ 84%] Building CXX object CMakeFiles/dynamixel_sdk.dir/src/dynamixel_sdk/port_handler.cpp.o
[ 92%] Building CXX object CMakeFiles/dynamixel_sdk.dir/src/dynamixel_sdk/port_handler_mac.cpp.o
[100%] Linking CXX shared library libdynamixel_sdk.dylib
[100%] Built target dynamixel_sdk
-- Install configuration: ""
-- Installing: /Users/amoralesma/prueba-ros/install/dynamixel_sdk/include/
-- Installing: /Users/amoralesma/prueba-ros/install/dynamixel_sdk/include//dynamixel_sdk
-- Installing: /Users/amoralesma/prueba-ros/install/dynamixel_sdk/include//dynamixel_sdk/port_handler_arduino.h
-- Installing: /Users/amoralesma/prueba-ros/install/dynamixel_sdk/include//dynamixel_sdk/group_sync_read.h
-- Installing: /Users/amoralesma/prueba-ros/install/dynamixel_sdk/include//dynamixel_sdk/group_fast_sync_read.h
-- Installing: /Users/amoralesma/prueba-ros/install/dynamixel_sdk/include//dynamixel_sdk/port_handler.h
-- Installing: /Users/amoralesma/prueba-ros/install/dynamixel_sdk/include//dynamixel_sdk/protocol2_packet_handler.h
-- Installing: /Users/amoralesma/prueba-ros/install/dynamixel_sdk/include//dynamixel_sdk/port_handler_linux.h
-- Installing: /Users/amoralesma/prueba-ros/install/dynamixel_sdk/include//dynamixel_sdk/port_handler_mac.h
-- Installing: /Users/amoralesma/prueba-ros/install/dynamixel_sdk/include//dynamixel_sdk/group_bulk_write.h
-- Installing: /Users/amoralesma/prueba-ros/install/dynamixel_sdk/include//dynamixel_sdk/protocol1_packet_handler.h
-- Installing: /Users/amoralesma/prueba-ros/install/dynamixel_sdk/include//dynamixel_sdk/group_fast_bulk_read.h
-- Installing: /Users/amoralesma/prueba-ros/install/dynamixel_sdk/include//dynamixel_sdk/port_handler_windows.h
-- Installing: /Users/amoralesma/prueba-ros/install/dynamixel_sdk/include//dynamixel_sdk/packet_handler.h
-- Installing: /Users/amoralesma/prueba-ros/install/dynamixel_sdk/include//dynamixel_sdk/group_handler.h
-- Installing: /Users/amoralesma/prueba-ros/install/dynamixel_sdk/include//dynamixel_sdk/group_sync_write.h
-- Installing: /Users/amoralesma/prueba-ros/install/dynamixel_sdk/include//dynamixel_sdk/dynamixel_sdk.h
-- Installing: /Users/amoralesma/prueba-ros/install/dynamixel_sdk/include//dynamixel_sdk/group_bulk_read.h
-- Installing: /Users/amoralesma/prueba-ros/install/dynamixel_sdk/lib/libdynamixel_sdk.dylib
-- Installing: /Users/amoralesma/prueba-ros/install/dynamixel_sdk/share/dynamixel_sdk/environment/pythonpath.sh
-- Installing: /Users/amoralesma/prueba-ros/install/dynamixel_sdk/share/dynamixel_sdk/environment/pythonpath.dsv
-- Installing: /Users/amoralesma/prueba-ros/install/dynamixel_sdk/lib/python3.11/site-packages/dynamixel_sdk-3.8.4-py3.11.egg-info
-- Installing: /Users/amoralesma/prueba-ros/install/dynamixel_sdk/lib/python3.11/site-packages/dynamixel_sdk-3.8.4-py3.11.egg-info/PKG-INFO
-- Installing: /Users/amoralesma/prueba-ros/install/dynamixel_sdk/lib/python3.11/site-packages/dynamixel_sdk-3.8.4-py3.11.egg-info/SOURCES.txt
-- Installing: /Users/amoralesma/prueba-ros/install/dynamixel_sdk/lib/python3.11/site-packages/dynamixel_sdk-3.8.4-py3.11.egg-info/top_level.txt
-- Installing: /Users/amoralesma/prueba-ros/install/dynamixel_sdk/lib/python3.11/site-packages/dynamixel_sdk-3.8.4-py3.11.egg-info/dependency_links.txt
-- Installing: /Users/amoralesma/prueba-ros/install/dynamixel_sdk/lib/python3.11/site-packages/dynamixel_sdk
-- Installing: /Users/amoralesma/prueba-ros/install/dynamixel_sdk/lib/python3.11/site-packages/dynamixel_sdk/group_handler.cpp
-- Installing: /Users/amoralesma/prueba-ros/install/dynamixel_sdk/lib/python3.11/site-packages/dynamixel_sdk/port_handler_arduino.cpp
-- Installing: /Users/amoralesma/prueba-ros/install/dynamixel_sdk/lib/python3.11/site-packages/dynamixel_sdk/packet_handler.cpp
-- Installing: /Users/amoralesma/prueba-ros/install/dynamixel_sdk/lib/python3.11/site-packages/dynamixel_sdk/group_fast_sync_read.cpp
-- Installing: /Users/amoralesma/prueba-ros/install/dynamixel_sdk/lib/python3.11/site-packages/dynamixel_sdk/group_bulk_write.py
-- Installing: /Users/amoralesma/prueba-ros/install/dynamixel_sdk/lib/python3.11/site-packages/dynamixel_sdk/group_sync_read.cpp
-- Installing: /Users/amoralesma/prueba-ros/install/dynamixel_sdk/lib/python3.11/site-packages/dynamixel_sdk/group_bulk_read.cpp
-- Installing: /Users/amoralesma/prueba-ros/install/dynamixel_sdk/lib/python3.11/site-packages/dynamixel_sdk/group_sync_write.py
-- Installing: /Users/amoralesma/prueba-ros/install/dynamixel_sdk/lib/python3.11/site-packages/dynamixel_sdk/port_handler_linux.cpp
-- Installing: /Users/amoralesma/prueba-ros/install/dynamixel_sdk/lib/python3.11/site-packages/dynamixel_sdk/group_fast_bulk_read.cpp
-- Installing: /Users/amoralesma/prueba-ros/install/dynamixel_sdk/lib/python3.11/site-packages/dynamixel_sdk/__init__.py
-- Installing: /Users/amoralesma/prueba-ros/install/dynamixel_sdk/lib/python3.11/site-packages/dynamixel_sdk/group_sync_read.py
-- Installing: /Users/amoralesma/prueba-ros/install/dynamixel_sdk/lib/python3.11/site-packages/dynamixel_sdk/port_handler_windows.cpp
-- Installing: /Users/amoralesma/prueba-ros/install/dynamixel_sdk/lib/python3.11/site-packages/dynamixel_sdk/port_handler_mac.cpp
-- Installing: /Users/amoralesma/prueba-ros/install/dynamixel_sdk/lib/python3.11/site-packages/dynamixel_sdk/packet_handler.py
-- Installing: /Users/amoralesma/prueba-ros/install/dynamixel_sdk/lib/python3.11/site-packages/dynamixel_sdk/port_handler.cpp
-- Installing: /Users/amoralesma/prueba-ros/install/dynamixel_sdk/lib/python3.11/site-packages/dynamixel_sdk/protocol2_packet_handler.py
-- Installing: /Users/amoralesma/prueba-ros/install/dynamixel_sdk/lib/python3.11/site-packages/dynamixel_sdk/protocol1_packet_handler.py
-- Installing: /Users/amoralesma/prueba-ros/install/dynamixel_sdk/lib/python3.11/site-packages/dynamixel_sdk/port_handler.py
-- Installing: /Users/amoralesma/prueba-ros/install/dynamixel_sdk/lib/python3.11/site-packages/dynamixel_sdk/protocol1_packet_handler.cpp
-- Installing: /Users/amoralesma/prueba-ros/install/dynamixel_sdk/lib/python3.11/site-packages/dynamixel_sdk/group_bulk_write.cpp
-- Installing: /Users/amoralesma/prueba-ros/install/dynamixel_sdk/lib/python3.11/site-packages/dynamixel_sdk/robotis_def.py
-- Installing: /Users/amoralesma/prueba-ros/install/dynamixel_sdk/lib/python3.11/site-packages/dynamixel_sdk/group_sync_write.cpp
-- Installing: /Users/amoralesma/prueba-ros/install/dynamixel_sdk/lib/python3.11/site-packages/dynamixel_sdk/protocol2_packet_handler.cpp
-- Installing: /Users/amoralesma/prueba-ros/install/dynamixel_sdk/lib/python3.11/site-packages/dynamixel_sdk/group_bulk_read.py
Listing 'lib/python3.11/site-packages/dynamixel_sdk'...
Can't list 'lib/python3.11/site-packages/dynamixel_sdk'
-- Installing: /Users/amoralesma/prueba-ros/install/dynamixel_sdk/share/ament_index/resource_index/package_run_dependencies/dynamixel_sdk
-- Installing: /Users/amoralesma/prueba-ros/install/dynamixel_sdk/share/ament_index/resource_index/parent_prefix_path/dynamixel_sdk
-- Installing: /Users/amoralesma/prueba-ros/install/dynamixel_sdk/share/dynamixel_sdk/environment/ament_prefix_path.sh
-- Installing: /Users/amoralesma/prueba-ros/install/dynamixel_sdk/share/dynamixel_sdk/environment/ament_prefix_path.dsv
-- Installing: /Users/amoralesma/prueba-ros/install/dynamixel_sdk/share/dynamixel_sdk/environment/path.sh
-- Installing: /Users/amoralesma/prueba-ros/install/dynamixel_sdk/share/dynamixel_sdk/environment/path.dsv
-- Installing: /Users/amoralesma/prueba-ros/install/dynamixel_sdk/share/dynamixel_sdk/local_setup.bash
-- Installing: /Users/amoralesma/prueba-ros/install/dynamixel_sdk/share/dynamixel_sdk/local_setup.sh
-- Installing: /Users/amoralesma/prueba-ros/install/dynamixel_sdk/share/dynamixel_sdk/local_setup.zsh
-- Installing: /Users/amoralesma/prueba-ros/install/dynamixel_sdk/share/dynamixel_sdk/local_setup.dsv
-- Installing: /Users/amoralesma/prueba-ros/install/dynamixel_sdk/share/dynamixel_sdk/package.dsv
-- Installing: /Users/amoralesma/prueba-ros/install/dynamixel_sdk/share/ament_index/resource_index/packages/dynamixel_sdk
-- Installing: /Users/amoralesma/prueba-ros/install/dynamixel_sdk/share/dynamixel_sdk/cmake/dynamixel_sdkExport.cmake
-- Installing: /Users/amoralesma/prueba-ros/install/dynamixel_sdk/share/dynamixel_sdk/cmake/dynamixel_sdkExport-noconfig.cmake
-- Installing: /Users/amoralesma/prueba-ros/install/dynamixel_sdk/share/dynamixel_sdk/cmake/ament_cmake_export_targets-extras.cmake
-- Installing: /Users/amoralesma/prueba-ros/install/dynamixel_sdk/share/dynamixel_sdk/cmake/ament_cmake_export_include_directories-extras.cmake
-- Installing: /Users/amoralesma/prueba-ros/install/dynamixel_sdk/share/dynamixel_sdk/cmake/ament_cmake_export_libraries-extras.cmake
-- Installing: /Users/amoralesma/prueba-ros/install/dynamixel_sdk/share/dynamixel_sdk/cmake/dynamixel_sdkConfig.cmake
-- Installing: /Users/amoralesma/prueba-ros/install/dynamixel_sdk/share/dynamixel_sdk/cmake/dynamixel_sdkConfig-version.cmake
-- Installing: /Users/amoralesma/prueba-ros/install/dynamixel_sdk/share/dynamixel_sdk/package.xml
