[0.017s] Invoking command in '/Users/amoralesma/prueba-ros/build/dynamixel_sdk': CMAKE_PREFIX_PATH=${CMAKE_PREFIX_PATH}:/Users/amoralesma/prueba-ros/install/pincher_control CONDA_PROMPT_MODIFIER=(humble) SHLVL=2 _=/Users/amoralesma/conda/envs/humble/bin/env __CF_USER_TEXT_ENCODING=0x1F5:0x0:0x2 /Users/amoralesma/conda/envs/humble/bin/cmake /Users/amoralesma/prueba-ros/src/dynamixel_sdk -DCMAKE_INSTALL_PREFIX=/Users/amoralesma/prueba-ros/install/dynamixel_sdk
[0.056s] CMake Deprecation Warning at CMakeLists.txt:4 (cmake_minimum_required):
[0.056s]   Compatibility with CMake < 3.10 will be removed from a future version of
[0.056s]   CMake.
[0.056s] 
[0.056s]   Update the VERSION argument <min> value.  Or, use the <min>...<max> syntax
[0.056s]   to tell CMake that the project requires at least <min> but has been updated
[0.056s]   to work with policies introduced by <max> or earlier.
[0.056s] 
[0.056s] 
[0.481s] -- The C compiler identification is Clang 18.1.8
[0.642s] -- The CXX compiler identification is Clang 18.1.8
[0.674s] -- Detecting C compiler ABI info
[0.819s] -- Detecting C compiler ABI info - done
[0.823s] -- Check for working C compiler: /Users/amoralesma/conda/envs/humble/bin/arm64-apple-darwin20.0.0-clang - skipped
[0.823s] -- Detecting C compile features
[0.824s] -- Detecting C compile features - done
[0.829s] -- Detecting CXX compiler ABI info
[0.962s] -- Detecting CXX compiler ABI info - done
[0.965s] -- Check for working CXX compiler: /Users/amoralesma/conda/envs/humble/bin/arm64-apple-darwin20.0.0-clang++ - skipped
[0.966s] -- Detecting CXX compile features
[0.966s] -- Detecting CXX compile features - done
[0.990s] -- Found ament_cmake: 1.3.11 (/Users/amoralesma/conda/envs/humble/share/ament_cmake/cmake)
[1.115s] -- Found Python3: /Users/amoralesma/conda/envs/humble/bin/python3 (found version "3.11.12") found components: Interpreter
[1.427s] -- Configuring done (1.4s)
[1.440s] -- Generating done (0.0s)
[1.440s] -- Build files have been written to: /Users/amoralesma/prueba-ros/build/dynamixel_sdk
[1.442s] Invoked command in '/Users/amoralesma/prueba-ros/build/dynamixel_sdk' returned '0': CMAKE_PREFIX_PATH=${CMAKE_PREFIX_PATH}:/Users/amoralesma/prueba-ros/install/pincher_control CONDA_PROMPT_MODIFIER=(humble) SHLVL=2 _=/Users/amoralesma/conda/envs/humble/bin/env __CF_USER_TEXT_ENCODING=0x1F5:0x0:0x2 /Users/amoralesma/conda/envs/humble/bin/cmake /Users/amoralesma/prueba-ros/src/dynamixel_sdk -DCMAKE_INSTALL_PREFIX=/Users/amoralesma/prueba-ros/install/dynamixel_sdk
[1.444s] Invoking command in '/Users/amoralesma/prueba-ros/build/dynamixel_sdk': CMAKE_PREFIX_PATH=${CMAKE_PREFIX_PATH}:/Users/amoralesma/prueba-ros/install/pincher_control CONDA_PROMPT_MODIFIER=(humble) SHLVL=2 _=/Users/amoralesma/conda/envs/humble/bin/env __CF_USER_TEXT_ENCODING=0x1F5:0x0:0x2 /Users/amoralesma/conda/envs/humble/bin/cmake --build /Users/amoralesma/prueba-ros/build/dynamixel_sdk -- -j10 -l10
[1.511s] [  7%] Building CXX object CMakeFiles/dynamixel_sdk.dir/src/dynamixel_sdk/protocol2_packet_handler.cpp.o
[1.511s] [ 23%] Building CXX object CMakeFiles/dynamixel_sdk.dir/src/dynamixel_sdk/group_bulk_read.cpp.o
[1.511s] [ 23%] Building CXX object CMakeFiles/dynamixel_sdk.dir/src/dynamixel_sdk/group_fast_bulk_read.cpp.o
[1.511s] [ 30%] Building CXX object CMakeFiles/dynamixel_sdk.dir/src/dynamixel_sdk/protocol1_packet_handler.cpp.o
[1.529s] [ 38%] Building CXX object CMakeFiles/dynamixel_sdk.dir/src/dynamixel_sdk/packet_handler.cpp.o
[1.530s] [ 53%] Building CXX object CMakeFiles/dynamixel_sdk.dir/src/dynamixel_sdk/group_sync_write.cpp.o
[1.530s] [ 53%] Building CXX object CMakeFiles/dynamixel_sdk.dir/src/dynamixel_sdk/group_sync_read.cpp.o
[1.530s] [ 53%] Built target ament_cmake_python_copy_dynamixel_sdk
[1.530s] [ 61%] Building CXX object CMakeFiles/dynamixel_sdk.dir/src/dynamixel_sdk/group_bulk_write.cpp.o
[1.530s] [ 69%] Building CXX object CMakeFiles/dynamixel_sdk.dir/src/dynamixel_sdk/group_fast_sync_read.cpp.o
[1.867s] running egg_info
[1.883s] creating dynamixel_sdk.egg-info
[1.891s] writing dynamixel_sdk.egg-info/PKG-INFO
[1.892s] writing dependency_links to dynamixel_sdk.egg-info/dependency_links.txt
[1.892s] writing top-level names to dynamixel_sdk.egg-info/top_level.txt
[1.892s] writing manifest file 'dynamixel_sdk.egg-info/SOURCES.txt'
[1.935s] reading manifest file 'dynamixel_sdk.egg-info/SOURCES.txt'
[1.935s] writing manifest file 'dynamixel_sdk.egg-info/SOURCES.txt'
[1.985s] [ 69%] Built target ament_cmake_python_build_dynamixel_sdk_egg
[2.027s] [ 76%] Building CXX object CMakeFiles/dynamixel_sdk.dir/src/dynamixel_sdk/group_handler.cpp.o
[2.303s] [ 84%] Building CXX object CMakeFiles/dynamixel_sdk.dir/src/dynamixel_sdk/port_handler.cpp.o
[2.313s] [ 92%] Building CXX object CMakeFiles/dynamixel_sdk.dir/src/dynamixel_sdk/port_handler_mac.cpp.o
[2.573s] [100%] Linking CXX shared library libdynamixel_sdk.dylib
[2.648s] [100%] Built target dynamixel_sdk
[2.667s] Invoked command in '/Users/amoralesma/prueba-ros/build/dynamixel_sdk' returned '0': CMAKE_PREFIX_PATH=${CMAKE_PREFIX_PATH}:/Users/amoralesma/prueba-ros/install/pincher_control CONDA_PROMPT_MODIFIER=(humble) SHLVL=2 _=/Users/amoralesma/conda/envs/humble/bin/env __CF_USER_TEXT_ENCODING=0x1F5:0x0:0x2 /Users/amoralesma/conda/envs/humble/bin/cmake --build /Users/amoralesma/prueba-ros/build/dynamixel_sdk -- -j10 -l10
[2.850s] Invoking command in '/Users/amoralesma/prueba-ros/build/dynamixel_sdk': CMAKE_PREFIX_PATH=${CMAKE_PREFIX_PATH}:/Users/amoralesma/prueba-ros/install/pincher_control CONDA_PROMPT_MODIFIER=(humble) SHLVL=2 _=/Users/amoralesma/conda/envs/humble/bin/env __CF_USER_TEXT_ENCODING=0x1F5:0x0:0x2 /Users/amoralesma/conda/envs/humble/bin/cmake --install /Users/amoralesma/prueba-ros/build/dynamixel_sdk
[2.858s] -- Install configuration: ""
[2.858s] -- Installing: /Users/amoralesma/prueba-ros/install/dynamixel_sdk/include/
[2.858s] -- Installing: /Users/amoralesma/prueba-ros/install/dynamixel_sdk/include//dynamixel_sdk
[2.858s] -- Installing: /Users/amoralesma/prueba-ros/install/dynamixel_sdk/include//dynamixel_sdk/port_handler_arduino.h
[2.858s] -- Installing: /Users/amoralesma/prueba-ros/install/dynamixel_sdk/include//dynamixel_sdk/group_sync_read.h
[2.859s] -- Installing: /Users/amoralesma/prueba-ros/install/dynamixel_sdk/include//dynamixel_sdk/group_fast_sync_read.h
[2.859s] -- Installing: /Users/amoralesma/prueba-ros/install/dynamixel_sdk/include//dynamixel_sdk/port_handler.h
[2.859s] -- Installing: /Users/amoralesma/prueba-ros/install/dynamixel_sdk/include//dynamixel_sdk/protocol2_packet_handler.h
[2.859s] -- Installing: /Users/amoralesma/prueba-ros/install/dynamixel_sdk/include//dynamixel_sdk/port_handler_linux.h
[2.859s] -- Installing: /Users/amoralesma/prueba-ros/install/dynamixel_sdk/include//dynamixel_sdk/port_handler_mac.h
[2.859s] -- Installing: /Users/amoralesma/prueba-ros/install/dynamixel_sdk/include//dynamixel_sdk/group_bulk_write.h
[2.859s] -- Installing: /Users/amoralesma/prueba-ros/install/dynamixel_sdk/include//dynamixel_sdk/protocol1_packet_handler.h
[2.860s] -- Installing: /Users/amoralesma/prueba-ros/install/dynamixel_sdk/include//dynamixel_sdk/group_fast_bulk_read.h
[2.860s] -- Installing: /Users/amoralesma/prueba-ros/install/dynamixel_sdk/include//dynamixel_sdk/port_handler_windows.h
[2.860s] -- Installing: /Users/amoralesma/prueba-ros/install/dynamixel_sdk/include//dynamixel_sdk/packet_handler.h
[2.860s] -- Installing: /Users/amoralesma/prueba-ros/install/dynamixel_sdk/include//dynamixel_sdk/group_handler.h
[2.860s] -- Installing: /Users/amoralesma/prueba-ros/install/dynamixel_sdk/include//dynamixel_sdk/group_sync_write.h
[2.860s] -- Installing: /Users/amoralesma/prueba-ros/install/dynamixel_sdk/include//dynamixel_sdk/dynamixel_sdk.h
[2.860s] -- Installing: /Users/amoralesma/prueba-ros/install/dynamixel_sdk/include//dynamixel_sdk/group_bulk_read.h
[2.861s] -- Installing: /Users/amoralesma/prueba-ros/install/dynamixel_sdk/lib/libdynamixel_sdk.dylib
[2.861s] -- Installing: /Users/amoralesma/prueba-ros/install/dynamixel_sdk/share/dynamixel_sdk/environment/pythonpath.sh
[2.861s] -- Installing: /Users/amoralesma/prueba-ros/install/dynamixel_sdk/share/dynamixel_sdk/environment/pythonpath.dsv
[2.861s] -- Installing: /Users/amoralesma/prueba-ros/install/dynamixel_sdk/lib/python3.11/site-packages/dynamixel_sdk-3.8.4-py3.11.egg-info
[2.861s] -- Installing: /Users/amoralesma/prueba-ros/install/dynamixel_sdk/lib/python3.11/site-packages/dynamixel_sdk-3.8.4-py3.11.egg-info/PKG-INFO
[2.862s] -- Installing: /Users/amoralesma/prueba-ros/install/dynamixel_sdk/lib/python3.11/site-packages/dynamixel_sdk-3.8.4-py3.11.egg-info/SOURCES.txt
[2.862s] -- Installing: /Users/amoralesma/prueba-ros/install/dynamixel_sdk/lib/python3.11/site-packages/dynamixel_sdk-3.8.4-py3.11.egg-info/top_level.txt
[2.862s] -- Installing: /Users/amoralesma/prueba-ros/install/dynamixel_sdk/lib/python3.11/site-packages/dynamixel_sdk-3.8.4-py3.11.egg-info/dependency_links.txt
[2.862s] -- Installing: /Users/amoralesma/prueba-ros/install/dynamixel_sdk/lib/python3.11/site-packages/dynamixel_sdk
[2.862s] -- Installing: /Users/amoralesma/prueba-ros/install/dynamixel_sdk/lib/python3.11/site-packages/dynamixel_sdk/group_handler.cpp
[2.862s] -- Installing: /Users/amoralesma/prueba-ros/install/dynamixel_sdk/lib/python3.11/site-packages/dynamixel_sdk/port_handler_arduino.cpp
[2.862s] -- Installing: /Users/amoralesma/prueba-ros/install/dynamixel_sdk/lib/python3.11/site-packages/dynamixel_sdk/packet_handler.cpp
[2.863s] -- Installing: /Users/amoralesma/prueba-ros/install/dynamixel_sdk/lib/python3.11/site-packages/dynamixel_sdk/group_fast_sync_read.cpp
[2.863s] -- Installing: /Users/amoralesma/prueba-ros/install/dynamixel_sdk/lib/python3.11/site-packages/dynamixel_sdk/group_bulk_write.py
[2.863s] -- Installing: /Users/amoralesma/prueba-ros/install/dynamixel_sdk/lib/python3.11/site-packages/dynamixel_sdk/group_sync_read.cpp
[2.863s] -- Installing: /Users/amoralesma/prueba-ros/install/dynamixel_sdk/lib/python3.11/site-packages/dynamixel_sdk/group_bulk_read.cpp
[2.863s] -- Installing: /Users/amoralesma/prueba-ros/install/dynamixel_sdk/lib/python3.11/site-packages/dynamixel_sdk/group_sync_write.py
[2.863s] -- Installing: /Users/amoralesma/prueba-ros/install/dynamixel_sdk/lib/python3.11/site-packages/dynamixel_sdk/port_handler_linux.cpp
[2.864s] -- Installing: /Users/amoralesma/prueba-ros/install/dynamixel_sdk/lib/python3.11/site-packages/dynamixel_sdk/group_fast_bulk_read.cpp
[2.864s] -- Installing: /Users/amoralesma/prueba-ros/install/dynamixel_sdk/lib/python3.11/site-packages/dynamixel_sdk/__init__.py
[2.864s] -- Installing: /Users/amoralesma/prueba-ros/install/dynamixel_sdk/lib/python3.11/site-packages/dynamixel_sdk/group_sync_read.py
[2.864s] -- Installing: /Users/amoralesma/prueba-ros/install/dynamixel_sdk/lib/python3.11/site-packages/dynamixel_sdk/port_handler_windows.cpp
[2.864s] -- Installing: /Users/amoralesma/prueba-ros/install/dynamixel_sdk/lib/python3.11/site-packages/dynamixel_sdk/port_handler_mac.cpp
[2.864s] -- Installing: /Users/amoralesma/prueba-ros/install/dynamixel_sdk/lib/python3.11/site-packages/dynamixel_sdk/packet_handler.py
[2.864s] -- Installing: /Users/amoralesma/prueba-ros/install/dynamixel_sdk/lib/python3.11/site-packages/dynamixel_sdk/port_handler.cpp
[2.865s] -- Installing: /Users/amoralesma/prueba-ros/install/dynamixel_sdk/lib/python3.11/site-packages/dynamixel_sdk/protocol2_packet_handler.py
[2.865s] -- Installing: /Users/amoralesma/prueba-ros/install/dynamixel_sdk/lib/python3.11/site-packages/dynamixel_sdk/protocol1_packet_handler.py
[2.865s] -- Installing: /Users/amoralesma/prueba-ros/install/dynamixel_sdk/lib/python3.11/site-packages/dynamixel_sdk/port_handler.py
[2.865s] -- Installing: /Users/amoralesma/prueba-ros/install/dynamixel_sdk/lib/python3.11/site-packages/dynamixel_sdk/protocol1_packet_handler.cpp
[2.865s] -- Installing: /Users/amoralesma/prueba-ros/install/dynamixel_sdk/lib/python3.11/site-packages/dynamixel_sdk/group_bulk_write.cpp
[2.865s] -- Installing: /Users/amoralesma/prueba-ros/install/dynamixel_sdk/lib/python3.11/site-packages/dynamixel_sdk/robotis_def.py
[2.865s] -- Installing: /Users/amoralesma/prueba-ros/install/dynamixel_sdk/lib/python3.11/site-packages/dynamixel_sdk/group_sync_write.cpp
[2.866s] -- Installing: /Users/amoralesma/prueba-ros/install/dynamixel_sdk/lib/python3.11/site-packages/dynamixel_sdk/protocol2_packet_handler.cpp
[2.866s] -- Installing: /Users/amoralesma/prueba-ros/install/dynamixel_sdk/lib/python3.11/site-packages/dynamixel_sdk/group_bulk_read.py
[2.886s] Listing 'lib/python3.11/site-packages/dynamixel_sdk'...
[2.886s] Can't list 'lib/python3.11/site-packages/dynamixel_sdk'
[2.889s] -- Installing: /Users/amoralesma/prueba-ros/install/dynamixel_sdk/share/ament_index/resource_index/package_run_dependencies/dynamixel_sdk
[2.889s] -- Installing: /Users/amoralesma/prueba-ros/install/dynamixel_sdk/share/ament_index/resource_index/parent_prefix_path/dynamixel_sdk
[2.889s] -- Installing: /Users/amoralesma/prueba-ros/install/dynamixel_sdk/share/dynamixel_sdk/environment/ament_prefix_path.sh
[2.889s] -- Installing: /Users/amoralesma/prueba-ros/install/dynamixel_sdk/share/dynamixel_sdk/environment/ament_prefix_path.dsv
[2.890s] -- Installing: /Users/amoralesma/prueba-ros/install/dynamixel_sdk/share/dynamixel_sdk/environment/path.sh
[2.890s] -- Installing: /Users/amoralesma/prueba-ros/install/dynamixel_sdk/share/dynamixel_sdk/environment/path.dsv
[2.890s] -- Installing: /Users/amoralesma/prueba-ros/install/dynamixel_sdk/share/dynamixel_sdk/local_setup.bash
[2.890s] -- Installing: /Users/amoralesma/prueba-ros/install/dynamixel_sdk/share/dynamixel_sdk/local_setup.sh
[2.890s] -- Installing: /Users/amoralesma/prueba-ros/install/dynamixel_sdk/share/dynamixel_sdk/local_setup.zsh
[2.890s] -- Installing: /Users/amoralesma/prueba-ros/install/dynamixel_sdk/share/dynamixel_sdk/local_setup.dsv
[2.891s] -- Installing: /Users/amoralesma/prueba-ros/install/dynamixel_sdk/share/dynamixel_sdk/package.dsv
[2.891s] -- Installing: /Users/amoralesma/prueba-ros/install/dynamixel_sdk/share/ament_index/resource_index/packages/dynamixel_sdk
[2.891s] -- Installing: /Users/amoralesma/prueba-ros/install/dynamixel_sdk/share/dynamixel_sdk/cmake/dynamixel_sdkExport.cmake
[2.891s] -- Installing: /Users/amoralesma/prueba-ros/install/dynamixel_sdk/share/dynamixel_sdk/cmake/dynamixel_sdkExport-noconfig.cmake
[2.892s] -- Installing: /Users/amoralesma/prueba-ros/install/dynamixel_sdk/share/dynamixel_sdk/cmake/ament_cmake_export_targets-extras.cmake
[2.892s] -- Installing: /Users/amoralesma/prueba-ros/install/dynamixel_sdk/share/dynamixel_sdk/cmake/ament_cmake_export_include_directories-extras.cmake
[2.892s] -- Installing: /Users/amoralesma/prueba-ros/install/dynamixel_sdk/share/dynamixel_sdk/cmake/ament_cmake_export_libraries-extras.cmake
[2.892s] -- Installing: /Users/amoralesma/prueba-ros/install/dynamixel_sdk/share/dynamixel_sdk/cmake/dynamixel_sdkConfig.cmake
[2.892s] -- Installing: /Users/amoralesma/prueba-ros/install/dynamixel_sdk/share/dynamixel_sdk/cmake/dynamixel_sdkConfig-version.cmake
[2.893s] -- Installing: /Users/amoralesma/prueba-ros/install/dynamixel_sdk/share/dynamixel_sdk/package.xml
[2.894s] Invoked command in '/Users/amoralesma/prueba-ros/build/dynamixel_sdk' returned '0': CMAKE_PREFIX_PATH=${CMAKE_PREFIX_PATH}:/Users/amoralesma/prueba-ros/install/pincher_control CONDA_PROMPT_MODIFIER=(humble) SHLVL=2 _=/Users/amoralesma/conda/envs/humble/bin/env __CF_USER_TEXT_ENCODING=0x1F5:0x0:0x2 /Users/amoralesma/conda/envs/humble/bin/cmake --install /Users/amoralesma/prueba-ros/build/dynamixel_sdk
