[0.136s] [34mcolcon[0m [1;30mDEBUG[0m [32mCommand line arguments: ['/Users/amoralesma/conda/envs/humble/bin/colcon', 'build'][0m
[0.136s] [34mcolcon[0m [1;30mDEBUG[0m [32mParsed command line arguments: Namespace(log_base=None, log_level=None, verb_name='build', build_base='build', install_base='install', merge_install=False, symlink_install=False, test_result_base=None, continue_on_error=False, executor='parallel', parallel_workers=10, event_handlers=None, ignore_user_meta=False, metas=['./colcon.meta'], base_paths=['.'], packages_ignore=None, packages_ignore_regex=None, paths=None, packages_up_to=None, packages_up_to_regex=None, packages_above=None, packages_above_and_dependencies=None, packages_above_depth=None, packages_select_by_dep=None, packages_skip_by_dep=None, packages_skip_up_to=None, packages_select_build_failed=False, packages_skip_build_finished=False, packages_select_test_failures=False, packages_skip_test_passed=False, packages_select=None, packages_skip=None, packages_select_regex=None, packages_skip_regex=None, packages_start=None, packages_end=None, cmake_args=None, cmake_target=None, cmake_target_skip_unavailable=False, cmake_clean_cache=False, cmake_clean_first=False, cmake_force_configure=False, ament_cmake_args=None, catkin_cmake_args=None, catkin_skip_building_tests=False, verb_parser=<colcon_defaults.argument_parser.defaults.DefaultArgumentsDecorator object at 0x10101e9d0>, verb_extension=<colcon_core.verb.build.BuildVerb object at 0x1018e4c90>, main=<bound method BuildVerb.main of <colcon_core.verb.build.BuildVerb object at 0x1018e4c90>>)[0m
[0.164s] [34mcolcon.colcon_core.package_discovery[0m [1;30mLevel 1[0m discover_packages(colcon_meta) check parameters
[0.164s] [34mcolcon.colcon_core.package_discovery[0m [1;30mLevel 1[0m discover_packages(recursive) check parameters
[0.164s] [34mcolcon.colcon_core.package_discovery[0m [1;30mLevel 1[0m discover_packages(ignore) check parameters
[0.164s] [34mcolcon.colcon_core.package_discovery[0m [1;30mLevel 1[0m discover_packages(path) check parameters
[0.164s] [34mcolcon.colcon_core.package_discovery[0m [1;30mLevel 1[0m discover_packages(colcon_meta) discover
[0.164s] [34mcolcon.colcon_core.package_discovery[0m [1;30mLevel 1[0m discover_packages(recursive) discover
[0.164s] [34mcolcon.colcon_core.package_discovery[0m [1;30mINFO[0m Crawling recursively for packages in '/Users/amoralesma/prueba-ros'
[0.164s] [34mcolcon.colcon_core.package_identification[0m [1;30mLevel 1[0m _identify(.) by extensions ['ignore', 'ignore_ament_install']
[0.164s] [34mcolcon.colcon_core.package_identification[0m [1;30mLevel 1[0m _identify(.) by extension 'ignore'
[0.164s] [34mcolcon.colcon_core.package_identification[0m [1;30mLevel 1[0m _identify(.) by extension 'ignore_ament_install'
[0.164s] [34mcolcon.colcon_core.package_identification[0m [1;30mLevel 1[0m _identify(.) by extensions ['colcon_pkg']
[0.164s] [34mcolcon.colcon_core.package_identification[0m [1;30mLevel 1[0m _identify(.) by extension 'colcon_pkg'
[0.164s] [34mcolcon.colcon_core.package_identification[0m [1;30mLevel 1[0m _identify(.) by extensions ['colcon_meta']
[0.164s] [34mcolcon.colcon_core.package_identification[0m [1;30mLevel 1[0m _identify(.) by extension 'colcon_meta'
[0.164s] [34mcolcon.colcon_core.package_identification[0m [1;30mLevel 1[0m _identify(.) by extensions ['ros']
[0.164s] [34mcolcon.colcon_core.package_identification[0m [1;30mLevel 1[0m _identify(.) by extension 'ros'
[0.181s] [34mcolcon.colcon_core.package_identification[0m [1;30mLevel 1[0m _identify(.) by extensions ['cmake', 'python']
[0.181s] [34mcolcon.colcon_core.package_identification[0m [1;30mLevel 1[0m _identify(.) by extension 'cmake'
[0.181s] [34mcolcon.colcon_core.package_identification[0m [1;30mLevel 1[0m _identify(.) by extension 'python'
[0.181s] [34mcolcon.colcon_core.package_identification[0m [1;30mLevel 1[0m _identify(.) by extensions ['python_setup_py']
[0.181s] [34mcolcon.colcon_core.package_identification[0m [1;30mLevel 1[0m _identify(.) by extension 'python_setup_py'
[0.181s] [34mcolcon.colcon_core.package_identification[0m [1;30mLevel 1[0m _identify(build) by extensions ['ignore', 'ignore_ament_install']
[0.181s] [34mcolcon.colcon_core.package_identification[0m [1;30mLevel 1[0m _identify(build) by extension 'ignore'
[0.181s] [34mcolcon.colcon_core.package_identification[0m [1;30mLevel 1[0m _identify(build) ignored
[0.181s] [34mcolcon.colcon_core.package_identification[0m [1;30mLevel 1[0m _identify(install) by extensions ['ignore', 'ignore_ament_install']
[0.181s] [34mcolcon.colcon_core.package_identification[0m [1;30mLevel 1[0m _identify(install) by extension 'ignore'
[0.181s] [34mcolcon.colcon_core.package_identification[0m [1;30mLevel 1[0m _identify(install) ignored
[0.181s] [34mcolcon.colcon_core.package_identification[0m [1;30mLevel 1[0m _identify(log) by extensions ['ignore', 'ignore_ament_install']
[0.181s] [34mcolcon.colcon_core.package_identification[0m [1;30mLevel 1[0m _identify(log) by extension 'ignore'
[0.181s] [34mcolcon.colcon_core.package_identification[0m [1;30mLevel 1[0m _identify(log) ignored
[0.181s] [34mcolcon.colcon_core.package_identification[0m [1;30mLevel 1[0m _identify(src) by extensions ['ignore', 'ignore_ament_install']
[0.181s] [34mcolcon.colcon_core.package_identification[0m [1;30mLevel 1[0m _identify(src) by extension 'ignore'
[0.181s] [34mcolcon.colcon_core.package_identification[0m [1;30mLevel 1[0m _identify(src) by extension 'ignore_ament_install'
[0.181s] [34mcolcon.colcon_core.package_identification[0m [1;30mLevel 1[0m _identify(src) by extensions ['colcon_pkg']
[0.181s] [34mcolcon.colcon_core.package_identification[0m [1;30mLevel 1[0m _identify(src) by extension 'colcon_pkg'
[0.181s] [34mcolcon.colcon_core.package_identification[0m [1;30mLevel 1[0m _identify(src) by extensions ['colcon_meta']
[0.181s] [34mcolcon.colcon_core.package_identification[0m [1;30mLevel 1[0m _identify(src) by extension 'colcon_meta'
[0.181s] [34mcolcon.colcon_core.package_identification[0m [1;30mLevel 1[0m _identify(src) by extensions ['ros']
[0.181s] [34mcolcon.colcon_core.package_identification[0m [1;30mLevel 1[0m _identify(src) by extension 'ros'
[0.181s] [34mcolcon.colcon_core.package_identification[0m [1;30mLevel 1[0m _identify(src) by extensions ['cmake', 'python']
[0.181s] [34mcolcon.colcon_core.package_identification[0m [1;30mLevel 1[0m _identify(src) by extension 'cmake'
[0.181s] [34mcolcon.colcon_core.package_identification[0m [1;30mLevel 1[0m _identify(src) by extension 'python'
[0.181s] [34mcolcon.colcon_core.package_identification[0m [1;30mLevel 1[0m _identify(src) by extensions ['python_setup_py']
[0.182s] [34mcolcon.colcon_core.package_identification[0m [1;30mLevel 1[0m _identify(src) by extension 'python_setup_py'
[0.182s] [34mcolcon.colcon_core.package_identification[0m [1;30mLevel 1[0m _identify(src/pincher_control) by extensions ['ignore', 'ignore_ament_install']
[0.182s] [34mcolcon.colcon_core.package_identification[0m [1;30mLevel 1[0m _identify(src/pincher_control) by extension 'ignore'
[0.182s] [34mcolcon.colcon_core.package_identification[0m [1;30mLevel 1[0m _identify(src/pincher_control) by extension 'ignore_ament_install'
[0.182s] [34mcolcon.colcon_core.package_identification[0m [1;30mLevel 1[0m _identify(src/pincher_control) by extensions ['colcon_pkg']
[0.182s] [34mcolcon.colcon_core.package_identification[0m [1;30mLevel 1[0m _identify(src/pincher_control) by extension 'colcon_pkg'
[0.182s] [34mcolcon.colcon_core.package_identification[0m [1;30mLevel 1[0m _identify(src/pincher_control) by extensions ['colcon_meta']
[0.182s] [34mcolcon.colcon_core.package_identification[0m [1;30mLevel 1[0m _identify(src/pincher_control) by extension 'colcon_meta'
[0.182s] [34mcolcon.colcon_core.package_identification[0m [1;30mLevel 1[0m _identify(src/pincher_control) by extensions ['ros']
[0.182s] [34mcolcon.colcon_core.package_identification[0m [1;30mLevel 1[0m _identify(src/pincher_control) by extension 'ros'
[0.183s] [34mcolcon.colcon_core.package_identification[0m [1;30mDEBUG[0m [32mPackage 'src/pincher_control' with type 'ros.ament_python' and name 'pincher_control'[0m
[0.183s] [34mcolcon.colcon_core.package_discovery[0m [1;30mLevel 1[0m discover_packages(recursive) using defaults
[0.183s] [34mcolcon.colcon_core.package_discovery[0m [1;30mLevel 1[0m discover_packages(ignore) discover
[0.183s] [34mcolcon.colcon_core.package_discovery[0m [1;30mLevel 1[0m discover_packages(ignore) using defaults
[0.183s] [34mcolcon.colcon_core.package_discovery[0m [1;30mLevel 1[0m discover_packages(path) discover
[0.183s] [34mcolcon.colcon_core.package_discovery[0m [1;30mLevel 1[0m discover_packages(path) using defaults
[0.194s] [34mcolcon.colcon_core.verb[0m [1;30mLevel 5[0m set package 'pincher_control' build argument 'cmake_args' from command line to 'None'
[0.194s] [34mcolcon.colcon_core.verb[0m [1;30mLevel 5[0m set package 'pincher_control' build argument 'cmake_target' from command line to 'None'
[0.194s] [34mcolcon.colcon_core.verb[0m [1;30mLevel 5[0m set package 'pincher_control' build argument 'cmake_target_skip_unavailable' from command line to 'False'
[0.194s] [34mcolcon.colcon_core.verb[0m [1;30mLevel 5[0m set package 'pincher_control' build argument 'cmake_clean_cache' from command line to 'False'
[0.194s] [34mcolcon.colcon_core.verb[0m [1;30mLevel 5[0m set package 'pincher_control' build argument 'cmake_clean_first' from command line to 'False'
[0.194s] [34mcolcon.colcon_core.verb[0m [1;30mLevel 5[0m set package 'pincher_control' build argument 'cmake_force_configure' from command line to 'False'
[0.194s] [34mcolcon.colcon_core.verb[0m [1;30mLevel 5[0m set package 'pincher_control' build argument 'ament_cmake_args' from command line to 'None'
[0.194s] [34mcolcon.colcon_core.verb[0m [1;30mLevel 5[0m set package 'pincher_control' build argument 'catkin_cmake_args' from command line to 'None'
[0.194s] [34mcolcon.colcon_core.verb[0m [1;30mLevel 5[0m set package 'pincher_control' build argument 'catkin_skip_building_tests' from command line to 'False'
[0.194s] [34mcolcon.colcon_core.verb[0m [1;30mDEBUG[0m [32mBuilding package 'pincher_control' with the following arguments: {'ament_cmake_args': None, 'build_base': '/Users/amoralesma/prueba-ros/build/pincher_control', 'catkin_cmake_args': None, 'catkin_skip_building_tests': False, 'cmake_args': None, 'cmake_clean_cache': False, 'cmake_clean_first': False, 'cmake_force_configure': False, 'cmake_target': None, 'cmake_target_skip_unavailable': False, 'install_base': '/Users/amoralesma/prueba-ros/install/pincher_control', 'merge_install': False, 'path': '/Users/amoralesma/prueba-ros/src/pincher_control', 'symlink_install': False, 'test_result_base': None}[0m
[0.194s] [34mcolcon.colcon_core.executor[0m [1;30mINFO[0m Executing jobs using 'parallel' executor
[0.194s] [34mcolcon.colcon_parallel_executor.executor.parallel[0m [1;30mDEBUG[0m [32mrun_until_complete[0m
[0.194s] [34mcolcon.colcon_ros.task.ament_python.build[0m [1;30mINFO[0m Building ROS package in '/Users/amoralesma/prueba-ros/src/pincher_control' with build type 'ament_python'
[0.194s] [34mcolcon.colcon_core.shell[0m [1;30mLevel 1[0m create_environment_hook('pincher_control', 'ament_prefix_path')
[0.196s] [34mcolcon.colcon_core.plugin_system[0m [1;30mINFO[0m Skipping extension 'colcon_core.shell.bat': Not used on non-Windows systems
[0.196s] [34mcolcon.colcon_core.shell[0m [1;30mINFO[0m Creating environment hook '/Users/amoralesma/prueba-ros/install/pincher_control/share/pincher_control/hook/ament_prefix_path.ps1'
[0.196s] [34mcolcon.colcon_core.shell[0m [1;30mINFO[0m Creating environment descriptor '/Users/amoralesma/prueba-ros/install/pincher_control/share/pincher_control/hook/ament_prefix_path.dsv'
[0.196s] [34mcolcon.colcon_core.shell[0m [1;30mINFO[0m Creating environment hook '/Users/amoralesma/prueba-ros/install/pincher_control/share/pincher_control/hook/ament_prefix_path.sh'
[0.197s] [34mcolcon.colcon_core.shell[0m [1;30mINFO[0m Skip shell extension 'powershell' for command environment: Not usable outside of PowerShell
[0.197s] [34mcolcon.colcon_core.shell[0m [1;30mDEBUG[0m [32mSkip shell extension 'dsv' for command environment[0m
[0.307s] [34mcolcon.colcon_core.task.python.build[0m [1;30mINFO[0m Building Python package in '/Users/amoralesma/prueba-ros/src/pincher_control'
[0.307s] [34mcolcon.colcon_core.shell[0m [1;30mINFO[0m Skip shell extension 'powershell' for command environment: Not usable outside of PowerShell
[0.307s] [34mcolcon.colcon_core.shell[0m [1;30mDEBUG[0m [32mSkip shell extension 'dsv' for command environment[0m
[0.482s] [34mcolcon.colcon_core.event_handler.log_command[0m [1;30mDEBUG[0m [32mInvoking command in '/Users/amoralesma/prueba-ros/src/pincher_control': CONDA_PROMPT_MODIFIER=(humble) PYTHONPATH=/Users/amoralesma/prueba-ros/build/pincher_control/prefix_override:/Users/amoralesma/conda/envs/humble/lib/python3.11/site-packages/colcon_core/task/python/colcon_distutils_commands:/Users/amoralesma/prueba-ros/install/pincher_control/lib/python3.11/site-packages:${PYTHONPATH} SHLVL=2 _=/Users/amoralesma/conda/envs/humble/bin/env __CF_USER_TEXT_ENCODING=0x1F5:0x0:0x2 /Users/amoralesma/conda/envs/humble/bin/python3.11 -W ignore:setup.py install is deprecated -W ignore:easy_install command is deprecated setup.py egg_info --egg-base ../../build/pincher_control build --build-base /Users/amoralesma/prueba-ros/build/pincher_control/build install --record /Users/amoralesma/prueba-ros/build/pincher_control/install.log --single-version-externally-managed install_data[0m
[0.642s] [34mcolcon.colcon_core.event_handler.log_command[0m [1;30mDEBUG[0m [32mInvoked command in '/Users/amoralesma/prueba-ros/src/pincher_control' returned '0': CONDA_PROMPT_MODIFIER=(humble) PYTHONPATH=/Users/amoralesma/prueba-ros/build/pincher_control/prefix_override:/Users/amoralesma/conda/envs/humble/lib/python3.11/site-packages/colcon_core/task/python/colcon_distutils_commands:/Users/amoralesma/prueba-ros/install/pincher_control/lib/python3.11/site-packages:${PYTHONPATH} SHLVL=2 _=/Users/amoralesma/conda/envs/humble/bin/env __CF_USER_TEXT_ENCODING=0x1F5:0x0:0x2 /Users/amoralesma/conda/envs/humble/bin/python3.11 -W ignore:setup.py install is deprecated -W ignore:easy_install command is deprecated setup.py egg_info --egg-base ../../build/pincher_control build --build-base /Users/amoralesma/prueba-ros/build/pincher_control/build install --record /Users/amoralesma/prueba-ros/build/pincher_control/install.log --single-version-externally-managed install_data[0m
[0.645s] [34mcolcon.colcon_core.environment[0m [1;30mLevel 1[0m checking '/Users/amoralesma/prueba-ros/install/pincher_control' for CMake module files
[0.645s] [34mcolcon.colcon_core.environment[0m [1;30mLevel 1[0m checking '/Users/amoralesma/prueba-ros/install/pincher_control' for CMake config files
[0.645s] [34mcolcon.colcon_core.environment[0m [1;30mLevel 1[0m checking '/Users/amoralesma/prueba-ros/install/pincher_control/lib'
[0.645s] [34mcolcon.colcon_core.environment[0m [1;30mLevel 1[0m checking '/Users/amoralesma/prueba-ros/install/pincher_control/bin'
[0.645s] [34mcolcon.colcon_core.environment[0m [1;30mLevel 1[0m checking '/Users/amoralesma/prueba-ros/install/pincher_control/lib/pkgconfig/pincher_control.pc'
[0.645s] [34mcolcon.colcon_core.environment[0m [1;30mLevel 1[0m checking '/Users/amoralesma/prueba-ros/install/pincher_control/lib/python3.11/site-packages'
[0.645s] [34mcolcon.colcon_core.shell[0m [1;30mLevel 1[0m create_environment_hook('pincher_control', 'pythonpath')
[0.645s] [34mcolcon.colcon_core.shell[0m [1;30mINFO[0m Creating environment hook '/Users/amoralesma/prueba-ros/install/pincher_control/share/pincher_control/hook/pythonpath.ps1'
[0.646s] [34mcolcon.colcon_core.shell[0m [1;30mINFO[0m Creating environment descriptor '/Users/amoralesma/prueba-ros/install/pincher_control/share/pincher_control/hook/pythonpath.dsv'
[0.646s] [34mcolcon.colcon_core.shell[0m [1;30mINFO[0m Creating environment hook '/Users/amoralesma/prueba-ros/install/pincher_control/share/pincher_control/hook/pythonpath.sh'
[0.646s] [34mcolcon.colcon_core.environment[0m [1;30mLevel 1[0m checking '/Users/amoralesma/prueba-ros/install/pincher_control/bin'
[0.646s] [34mcolcon.colcon_core.environment[0m [1;30mLevel 1[0m create_environment_scripts_only(pincher_control)
[0.646s] [34mcolcon.colcon_core.shell[0m [1;30mINFO[0m Creating package script '/Users/amoralesma/prueba-ros/install/pincher_control/share/pincher_control/package.ps1'
[0.647s] [34mcolcon.colcon_core.shell[0m [1;30mINFO[0m Creating package descriptor '/Users/amoralesma/prueba-ros/install/pincher_control/share/pincher_control/package.dsv'
[0.647s] [34mcolcon.colcon_core.shell[0m [1;30mINFO[0m Creating package script '/Users/amoralesma/prueba-ros/install/pincher_control/share/pincher_control/package.sh'
[0.647s] [34mcolcon.colcon_core.shell[0m [1;30mINFO[0m Creating package script '/Users/amoralesma/prueba-ros/install/pincher_control/share/pincher_control/package.bash'
[0.648s] [34mcolcon.colcon_core.shell[0m [1;30mINFO[0m Creating package script '/Users/amoralesma/prueba-ros/install/pincher_control/share/pincher_control/package.zsh'
[0.648s] [34mcolcon.colcon_core.environment[0m [1;30mLevel 1[0m create_file_with_runtime_dependencies(/Users/amoralesma/prueba-ros/install/pincher_control/share/colcon-core/packages/pincher_control)
[0.648s] [34mcolcon.colcon_parallel_executor.executor.parallel[0m [1;30mDEBUG[0m [32mclosing loop[0m
[0.648s] [34mcolcon.colcon_parallel_executor.executor.parallel[0m [1;30mDEBUG[0m [32mloop closed[0m
[0.648s] [34mcolcon.colcon_parallel_executor.executor.parallel[0m [1;30mDEBUG[0m [32mrun_until_complete finished with '0'[0m
[0.648s] [34mcolcon.colcon_core.event_reactor[0m [1;30mDEBUG[0m [32mjoining thread[0m
[0.649s] [34mcolcon.colcon_core.event_reactor[0m [1;30mDEBUG[0m [32mjoined thread[0m
[0.649s] [34mcolcon.colcon_core.shell[0m [1;30mINFO[0m Creating prefix script '/Users/amoralesma/prueba-ros/install/local_setup.ps1'
[0.649s] [34mcolcon.colcon_core.shell[0m [1;30mINFO[0m Creating prefix util module '/Users/amoralesma/prueba-ros/install/_local_setup_util_ps1.py'
[0.650s] [34mcolcon.colcon_core.shell[0m [1;30mINFO[0m Creating prefix chain script '/Users/amoralesma/prueba-ros/install/setup.ps1'
[0.650s] [34mcolcon.colcon_core.shell[0m [1;30mINFO[0m Creating prefix script '/Users/amoralesma/prueba-ros/install/local_setup.sh'
[0.651s] [34mcolcon.colcon_core.shell[0m [1;30mINFO[0m Creating prefix util module '/Users/amoralesma/prueba-ros/install/_local_setup_util_sh.py'
[0.651s] [34mcolcon.colcon_core.shell[0m [1;30mINFO[0m Creating prefix chain script '/Users/amoralesma/prueba-ros/install/setup.sh'
[0.651s] [34mcolcon.colcon_core.shell[0m [1;30mINFO[0m Creating prefix script '/Users/amoralesma/prueba-ros/install/local_setup.bash'
[0.652s] [34mcolcon.colcon_core.shell[0m [1;30mINFO[0m Creating prefix chain script '/Users/amoralesma/prueba-ros/install/setup.bash'
[0.652s] [34mcolcon.colcon_core.shell[0m [1;30mINFO[0m Creating prefix script '/Users/amoralesma/prueba-ros/install/local_setup.zsh'
[0.652s] [34mcolcon.colcon_core.shell[0m [1;30mINFO[0m Creating prefix chain script '/Users/amoralesma/prueba-ros/install/setup.zsh'
