[0.022s] Invoking command in '/Users/amoralesma/prueba-ros/build/dynamixel_sdk_examples': AMENT_PREFIX_PATH=/Users/amoralesma/prueba-ros/install/dynamixel_sdk_custom_interfaces:/Users/amoralesma/prueba-ros/install/dynamixel_sdk:${AMENT_PREFIX_PATH} CMAKE_PREFIX_PATH=/Users/amoralesma/prueba-ros/install/dynamixel_sdk_custom_interfaces:/Users/amoralesma/prueba-ros/install/dynamixel_sdk:/Users/amoralesma/conda/envs/humble:/Users/amoralesma/prueba-ros/install/pincher_control CONDA_PROMPT_MODIFIER=(humble) DYLD_LIBRARY_PATH=/Users/amoralesma/prueba-ros/install/dynamixel_sdk_custom_interfaces/lib:/Users/amoralesma/prueba-ros/install/dynamixel_sdk/lib PYTHONPATH=/Users/amoralesma/prueba-ros/install/dynamixel_sdk_custom_interfaces/lib/python3.11/site-packages:/Users/amoralesma/prueba-ros/install/dynamixel_sdk/lib/python3.11/site-packages:${PYTHONPATH} SHLVL=2 _=/Users/amoralesma/conda/envs/humble/bin/env __CF_USER_TEXT_ENCODING=0x1F5:0x0:0x2 /Users/amoralesma/conda/envs/humble/bin/cmake --build /Users/amoralesma/prueba-ros/build/dynamixel_sdk_examples -- -j10 -l10
[0.131s] [ 50%] Linking CXX executable read_write_node
[0.201s] [100%] Built target read_write_node
[0.213s] Invoked command in '/Users/amoralesma/prueba-ros/build/dynamixel_sdk_examples' returned '0': AMENT_PREFIX_PATH=/Users/amoralesma/prueba-ros/install/dynamixel_sdk_custom_interfaces:/Users/amoralesma/prueba-ros/install/dynamixel_sdk:${AMENT_PREFIX_PATH} CMAKE_PREFIX_PATH=/Users/amoralesma/prueba-ros/install/dynamixel_sdk_custom_interfaces:/Users/amoralesma/prueba-ros/install/dynamixel_sdk:/Users/amoralesma/conda/envs/humble:/Users/amoralesma/prueba-ros/install/pincher_control CONDA_PROMPT_MODIFIER=(humble) DYLD_LIBRARY_PATH=/Users/amoralesma/prueba-ros/install/dynamixel_sdk_custom_interfaces/lib:/Users/amoralesma/prueba-ros/install/dynamixel_sdk/lib PYTHONPATH=/Users/amoralesma/prueba-ros/install/dynamixel_sdk_custom_interfaces/lib/python3.11/site-packages:/Users/amoralesma/prueba-ros/install/dynamixel_sdk/lib/python3.11/site-packages:${PYTHONPATH} SHLVL=2 _=/Users/amoralesma/conda/envs/humble/bin/env __CF_USER_TEXT_ENCODING=0x1F5:0x0:0x2 /Users/amoralesma/conda/envs/humble/bin/cmake --build /Users/amoralesma/prueba-ros/build/dynamixel_sdk_examples -- -j10 -l10
[0.265s] Invoking command in '/Users/amoralesma/prueba-ros/build/dynamixel_sdk_examples': AMENT_PREFIX_PATH=/Users/amoralesma/prueba-ros/install/dynamixel_sdk_custom_interfaces:/Users/amoralesma/prueba-ros/install/dynamixel_sdk:${AMENT_PREFIX_PATH} CMAKE_PREFIX_PATH=/Users/amoralesma/prueba-ros/install/dynamixel_sdk_custom_interfaces:/Users/amoralesma/prueba-ros/install/dynamixel_sdk:/Users/amoralesma/conda/envs/humble:/Users/amoralesma/prueba-ros/install/pincher_control CONDA_PROMPT_MODIFIER=(humble) DYLD_LIBRARY_PATH=/Users/amoralesma/prueba-ros/install/dynamixel_sdk_custom_interfaces/lib:/Users/amoralesma/prueba-ros/install/dynamixel_sdk/lib PYTHONPATH=/Users/amoralesma/prueba-ros/install/dynamixel_sdk_custom_interfaces/lib/python3.11/site-packages:/Users/amoralesma/prueba-ros/install/dynamixel_sdk/lib/python3.11/site-packages:${PYTHONPATH} SHLVL=2 _=/Users/amoralesma/conda/envs/humble/bin/env __CF_USER_TEXT_ENCODING=0x1F5:0x0:0x2 /Users/amoralesma/conda/envs/humble/bin/cmake --install /Users/amoralesma/prueba-ros/build/dynamixel_sdk_examples
[0.278s] -- Install configuration: ""
[0.278s] -- Installing: /Users/amoralesma/prueba-ros/install/dynamixel_sdk_examples/lib/dynamixel_sdk_examples/read_write_node
[0.282s] /Users/amoralesma/conda/envs/humble/bin/install_name_tool: warning: changes being made to the file will invalidate the code signature in: /Users/amoralesma/prueba-ros/install/dynamixel_sdk_examples/lib/dynamixel_sdk_examples/read_write_node
[0.283s] [cctools-port]: generating fake signature for '/Users/amoralesma/prueba-ros/install/dynamixel_sdk_examples/lib/dynamixel_sdk_examples/read_write_node'
[0.292s] -- Up-to-date: /Users/amoralesma/prueba-ros/install/dynamixel_sdk_examples/lib/dynamixel_sdk_examples/read_write_node.py
[0.292s] -- Up-to-date: /Users/amoralesma/prueba-ros/install/dynamixel_sdk_examples/share/ament_index/resource_index/package_run_dependencies/dynamixel_sdk_examples
[0.292s] -- Up-to-date: /Users/amoralesma/prueba-ros/install/dynamixel_sdk_examples/share/ament_index/resource_index/parent_prefix_path/dynamixel_sdk_examples
[0.292s] -- Up-to-date: /Users/amoralesma/prueba-ros/install/dynamixel_sdk_examples/share/dynamixel_sdk_examples/environment/ament_prefix_path.sh
[0.292s] -- Up-to-date: /Users/amoralesma/prueba-ros/install/dynamixel_sdk_examples/share/dynamixel_sdk_examples/environment/ament_prefix_path.dsv
[0.292s] -- Up-to-date: /Users/amoralesma/prueba-ros/install/dynamixel_sdk_examples/share/dynamixel_sdk_examples/environment/path.sh
[0.292s] -- Up-to-date: /Users/amoralesma/prueba-ros/install/dynamixel_sdk_examples/share/dynamixel_sdk_examples/environment/path.dsv
[0.292s] -- Up-to-date: /Users/amoralesma/prueba-ros/install/dynamixel_sdk_examples/share/dynamixel_sdk_examples/local_setup.bash
[0.292s] -- Up-to-date: /Users/amoralesma/prueba-ros/install/dynamixel_sdk_examples/share/dynamixel_sdk_examples/local_setup.sh
[0.292s] -- Up-to-date: /Users/amoralesma/prueba-ros/install/dynamixel_sdk_examples/share/dynamixel_sdk_examples/local_setup.zsh
[0.292s] -- Up-to-date: /Users/amoralesma/prueba-ros/install/dynamixel_sdk_examples/share/dynamixel_sdk_examples/local_setup.dsv
[0.292s] -- Installing: /Users/amoralesma/prueba-ros/install/dynamixel_sdk_examples/share/dynamixel_sdk_examples/package.dsv
[0.292s] -- Up-to-date: /Users/amoralesma/prueba-ros/install/dynamixel_sdk_examples/share/ament_index/resource_index/packages/dynamixel_sdk_examples
[0.293s] -- Up-to-date: /Users/amoralesma/prueba-ros/install/dynamixel_sdk_examples/share/dynamixel_sdk_examples/cmake/dynamixel_sdk_examplesConfig.cmake
[0.293s] -- Up-to-date: /Users/amoralesma/prueba-ros/install/dynamixel_sdk_examples/share/dynamixel_sdk_examples/cmake/dynamixel_sdk_examplesConfig-version.cmake
[0.293s] -- Up-to-date: /Users/amoralesma/prueba-ros/install/dynamixel_sdk_examples/share/dynamixel_sdk_examples/package.xml
[0.294s] Invoked command in '/Users/amoralesma/prueba-ros/build/dynamixel_sdk_examples' returned '0': AMENT_PREFIX_PATH=/Users/amoralesma/prueba-ros/install/dynamixel_sdk_custom_interfaces:/Users/amoralesma/prueba-ros/install/dynamixel_sdk:${AMENT_PREFIX_PATH} CMAKE_PREFIX_PATH=/Users/amoralesma/prueba-ros/install/dynamixel_sdk_custom_interfaces:/Users/amoralesma/prueba-ros/install/dynamixel_sdk:/Users/amoralesma/conda/envs/humble:/Users/amoralesma/prueba-ros/install/pincher_control CONDA_PROMPT_MODIFIER=(humble) DYLD_LIBRARY_PATH=/Users/amoralesma/prueba-ros/install/dynamixel_sdk_custom_interfaces/lib:/Users/amoralesma/prueba-ros/install/dynamixel_sdk/lib PYTHONPATH=/Users/amoralesma/prueba-ros/install/dynamixel_sdk_custom_interfaces/lib/python3.11/site-packages:/Users/amoralesma/prueba-ros/install/dynamixel_sdk/lib/python3.11/site-packages:${PYTHONPATH} SHLVL=2 _=/Users/amoralesma/conda/envs/humble/bin/env __CF_USER_TEXT_ENCODING=0x1F5:0x0:0x2 /Users/amoralesma/conda/envs/humble/bin/cmake --install /Users/amoralesma/prueba-ros/build/dynamixel_sdk_examples
